{"/home/usuario/DSI/P6/src/ejercicio-1/pokemon.ts":{"path":"/home/usuario/DSI/P6/src/ejercicio-1/pokemon.ts","statementMap":{"0":{"start":{"line":2,"column":0},"end":{"line":2,"column":62}},"1":{"start":{"line":3,"column":0},"end":{"line":3,"column":25}},"2":{"start":{"line":4,"column":18},"end":{"line":4,"column":38}},"3":{"start":{"line":18,"column":8},"end":{"line":18,"column":40}},"4":{"start":{"line":24,"column":8},"end":{"line":24,"column":68}},"5":{"start":{"line":33,"column":8},"end":{"line":62,"column":9}},"6":{"start":{"line":34,"column":12},"end":{"line":35,"column":28}},"7":{"start":{"line":35,"column":16},"end":{"line":35,"column":28}},"8":{"start":{"line":36,"column":12},"end":{"line":37,"column":34}},"9":{"start":{"line":37,"column":16},"end":{"line":37,"column":34}},"10":{"start":{"line":38,"column":12},"end":{"line":39,"column":32}},"11":{"start":{"line":39,"column":16},"end":{"line":39,"column":32}},"12":{"start":{"line":41,"column":13},"end":{"line":62,"column":9}},"13":{"start":{"line":42,"column":12},"end":{"line":43,"column":28}},"14":{"start":{"line":43,"column":16},"end":{"line":43,"column":28}},"15":{"start":{"line":44,"column":12},"end":{"line":45,"column":34}},"16":{"start":{"line":45,"column":16},"end":{"line":45,"column":34}},"17":{"start":{"line":46,"column":12},"end":{"line":47,"column":32}},"18":{"start":{"line":47,"column":16},"end":{"line":47,"column":32}},"19":{"start":{"line":49,"column":13},"end":{"line":62,"column":9}},"20":{"start":{"line":50,"column":12},"end":{"line":51,"column":28}},"21":{"start":{"line":51,"column":16},"end":{"line":51,"column":28}},"22":{"start":{"line":52,"column":12},"end":{"line":53,"column":34}},"23":{"start":{"line":53,"column":16},"end":{"line":53,"column":34}},"24":{"start":{"line":54,"column":12},"end":{"line":55,"column":32}},"25":{"start":{"line":55,"column":16},"end":{"line":55,"column":32}},"26":{"start":{"line":57,"column":13},"end":{"line":62,"column":9}},"27":{"start":{"line":58,"column":12},"end":{"line":59,"column":28}},"28":{"start":{"line":59,"column":16},"end":{"line":59,"column":28}},"29":{"start":{"line":60,"column":12},"end":{"line":61,"column":32}},"30":{"start":{"line":61,"column":16},"end":{"line":61,"column":32}},"31":{"start":{"line":64,"column":8},"end":{"line":64,"column":26}},"32":{"start":{"line":67,"column":0},"end":{"line":67,"column":26}}},"fnMap":{"0":{"name":"(anonymous_0)","decl":{"start":{"line":17,"column":4},"end":{"line":17,"column":5}},"loc":{"start":{"line":17,"column":42},"end":{"line":19,"column":5}},"line":17},"1":{"name":"(anonymous_1)","decl":{"start":{"line":23,"column":4},"end":{"line":23,"column":5}},"loc":{"start":{"line":23,"column":12},"end":{"line":25,"column":5}},"line":23},"2":{"name":"(anonymous_2)","decl":{"start":{"line":32,"column":4},"end":{"line":32,"column":5}},"loc":{"start":{"line":32,"column":18},"end":{"line":65,"column":5}},"line":32}},"branchMap":{"0":{"loc":{"start":{"line":33,"column":8},"end":{"line":62,"column":9}},"type":"if","locations":[{"start":{"line":33,"column":8},"end":{"line":62,"column":9}},{"start":{"line":33,"column":8},"end":{"line":62,"column":9}}],"line":33},"1":{"loc":{"start":{"line":34,"column":12},"end":{"line":35,"column":28}},"type":"if","locations":[{"start":{"line":34,"column":12},"end":{"line":35,"column":28}},{"start":{"line":34,"column":12},"end":{"line":35,"column":28}}],"line":34},"2":{"loc":{"start":{"line":34,"column":16},"end":{"line":34,"column":74}},"type":"binary-expr","locations":[{"start":{"line":34,"column":16},"end":{"line":34,"column":41}},{"start":{"line":34,"column":45},"end":{"line":34,"column":74}}],"line":34},"3":{"loc":{"start":{"line":36,"column":12},"end":{"line":37,"column":34}},"type":"if","locations":[{"start":{"line":36,"column":12},"end":{"line":37,"column":34}},{"start":{"line":36,"column":12},"end":{"line":37,"column":34}}],"line":36},"4":{"loc":{"start":{"line":38,"column":12},"end":{"line":39,"column":32}},"type":"if","locations":[{"start":{"line":38,"column":12},"end":{"line":39,"column":32}},{"start":{"line":38,"column":12},"end":{"line":39,"column":32}}],"line":38},"5":{"loc":{"start":{"line":41,"column":13},"end":{"line":62,"column":9}},"type":"if","locations":[{"start":{"line":41,"column":13},"end":{"line":62,"column":9}},{"start":{"line":41,"column":13},"end":{"line":62,"column":9}}],"line":41},"6":{"loc":{"start":{"line":42,"column":12},"end":{"line":43,"column":28}},"type":"if","locations":[{"start":{"line":42,"column":12},"end":{"line":43,"column":28}},{"start":{"line":42,"column":12},"end":{"line":43,"column":28}}],"line":42},"7":{"loc":{"start":{"line":44,"column":12},"end":{"line":45,"column":34}},"type":"if","locations":[{"start":{"line":44,"column":12},"end":{"line":45,"column":34}},{"start":{"line":44,"column":12},"end":{"line":45,"column":34}}],"line":44},"8":{"loc":{"start":{"line":44,"column":16},"end":{"line":44,"column":75}},"type":"binary-expr","locations":[{"start":{"line":44,"column":16},"end":{"line":44,"column":42}},{"start":{"line":44,"column":46},"end":{"line":44,"column":75}}],"line":44},"9":{"loc":{"start":{"line":46,"column":12},"end":{"line":47,"column":32}},"type":"if","locations":[{"start":{"line":46,"column":12},"end":{"line":47,"column":32}},{"start":{"line":46,"column":12},"end":{"line":47,"column":32}}],"line":46},"10":{"loc":{"start":{"line":49,"column":13},"end":{"line":62,"column":9}},"type":"if","locations":[{"start":{"line":49,"column":13},"end":{"line":62,"column":9}},{"start":{"line":49,"column":13},"end":{"line":62,"column":9}}],"line":49},"11":{"loc":{"start":{"line":50,"column":12},"end":{"line":51,"column":28}},"type":"if","locations":[{"start":{"line":50,"column":12},"end":{"line":51,"column":28}},{"start":{"line":50,"column":12},"end":{"line":51,"column":28}}],"line":50},"12":{"loc":{"start":{"line":50,"column":16},"end":{"line":50,"column":75}},"type":"binary-expr","locations":[{"start":{"line":50,"column":16},"end":{"line":50,"column":42}},{"start":{"line":50,"column":46},"end":{"line":50,"column":75}}],"line":50},"13":{"loc":{"start":{"line":52,"column":12},"end":{"line":53,"column":34}},"type":"if","locations":[{"start":{"line":52,"column":12},"end":{"line":53,"column":34}},{"start":{"line":52,"column":12},"end":{"line":53,"column":34}}],"line":52},"14":{"loc":{"start":{"line":54,"column":12},"end":{"line":55,"column":32}},"type":"if","locations":[{"start":{"line":54,"column":12},"end":{"line":55,"column":32}},{"start":{"line":54,"column":12},"end":{"line":55,"column":32}}],"line":54},"15":{"loc":{"start":{"line":57,"column":13},"end":{"line":62,"column":9}},"type":"if","locations":[{"start":{"line":57,"column":13},"end":{"line":62,"column":9}},{"start":{"line":57,"column":13},"end":{"line":62,"column":9}}],"line":57},"16":{"loc":{"start":{"line":58,"column":12},"end":{"line":59,"column":28}},"type":"if","locations":[{"start":{"line":58,"column":12},"end":{"line":59,"column":28}},{"start":{"line":58,"column":12},"end":{"line":59,"column":28}}],"line":58},"17":{"loc":{"start":{"line":58,"column":16},"end":{"line":58,"column":104}},"type":"binary-expr","locations":[{"start":{"line":58,"column":16},"end":{"line":58,"column":45}},{"start":{"line":58,"column":49},"end":{"line":58,"column":75}},{"start":{"line":58,"column":79},"end":{"line":58,"column":104}}],"line":58},"18":{"loc":{"start":{"line":60,"column":12},"end":{"line":61,"column":32}},"type":"if","locations":[{"start":{"line":60,"column":12},"end":{"line":61,"column":32}},{"start":{"line":60,"column":12},"end":{"line":61,"column":32}}],"line":60}},"s":{"0":1,"1":1,"2":1,"3":4,"4":0,"5":0,"6":0,"7":0,"8":0,"9":0,"10":0,"11":0,"12":0,"13":0,"14":0,"15":0,"16":0,"17":0,"18":0,"19":0,"20":0,"21":0,"22":0,"23":0,"24":0,"25":0,"26":0,"27":0,"28":0,"29":0,"30":0,"31":0,"32":1},"f":{"0":4,"1":0,"2":0},"b":{"0":[0,0],"1":[0,0],"2":[0,0],"3":[0,0],"4":[0,0],"5":[0,0],"6":[0,0],"7":[0,0],"8":[0,0],"9":[0,0],"10":[0,0],"11":[0,0],"12":[0,0],"13":[0,0],"14":[0,0],"15":[0,0],"16":[0,0],"17":[0,0,0],"18":[0,0]},"inputSourceMap":{"version":3,"file":"/home/usuario/DSI/P6/src/ejercicio-1/pokemon.ts","sources":["/home/usuario/DSI/P6/src/ejercicio-1/pokemon.ts"],"names":[],"mappings":";;;AAAA,uCAAoC;AAEpC;;GAEG;AACH,MAAa,OAAQ,SAAQ,iBAAO;IAChC;;;;;;;OAOG;IACH,YAAY,IAAY,EAAE,GAAW,EAAE,GAAW,EAAE,EAAU,EAAE,IAAY;QACxE,KAAK,CAAC,IAAI,EAAC,GAAG,EAAC,GAAG,EAAC,EAAE,EAAC,IAAI,CAAC,CAAC;IAChC,CAAC;IAED;;OAEG;IACH,KAAK;QACD,OAAO,CAAC,GAAG,CAAC,aAAa,GAAG,IAAI,CAAC,QAAQ,EAAE,GAAG,YAAY,CAAC,CAAC;IAChE,CAAC;IAED;;;;;OAKG;IACH,GAAG,CAAsB,EAAK,EAAE,IAAY;QACxC,IAAG,IAAI,CAAC,QAAQ,EAAE,KAAK,OAAO,EAAC;YAC3B,IAAG,EAAE,CAAC,QAAQ,EAAE,KAAK,OAAO,IAAI,EAAE,CAAC,QAAQ,EAAE,KAAK,WAAW;gBACzD,OAAO,IAAI,CAAC;YAChB,IAAG,EAAE,CAAC,QAAQ,EAAE,KAAK,MAAM;gBACvB,OAAO,GAAG,GAAG,IAAI,CAAC;YACtB,IAAG,EAAE,CAAC,QAAQ,EAAE,KAAK,QAAQ;gBACzB,OAAO,CAAC,GAAG,IAAI,CAAC;SACvB;aACI,IAAG,IAAI,CAAC,QAAQ,EAAE,KAAK,MAAM,EAAC;YAC/B,IAAG,EAAE,CAAC,QAAQ,EAAE,KAAK,MAAM;gBACvB,OAAO,IAAI,CAAC;YAChB,IAAG,EAAE,CAAC,QAAQ,EAAE,KAAK,QAAQ,IAAI,EAAE,CAAC,QAAQ,EAAE,KAAK,WAAW;gBAC1D,OAAO,GAAG,GAAG,IAAI,CAAC;YACtB,IAAG,EAAE,CAAC,QAAQ,EAAE,KAAK,OAAO;gBACxB,OAAO,CAAC,GAAG,IAAI,CAAC;SACvB;aACI,IAAG,IAAI,CAAC,QAAQ,EAAE,KAAK,QAAQ,EAAC;YACjC,IAAG,EAAE,CAAC,QAAQ,EAAE,KAAK,QAAQ,IAAI,EAAE,CAAC,QAAQ,EAAE,KAAK,WAAW;gBAC1D,OAAO,IAAI,CAAC;YAChB,IAAG,EAAE,CAAC,QAAQ,EAAE,KAAK,OAAO;gBACxB,OAAO,GAAG,GAAG,IAAI,CAAC;YACtB,IAAG,EAAE,CAAC,QAAQ,EAAE,KAAK,MAAM;gBACvB,OAAO,CAAC,GAAG,IAAI,CAAC;SACvB;aACI,IAAG,IAAI,CAAC,QAAQ,EAAE,KAAK,WAAW,EAAC;YACpC,IAAG,EAAE,CAAC,QAAQ,EAAE,KAAK,WAAW,IAAI,EAAE,CAAC,QAAQ,EAAE,KAAK,QAAQ,IAAI,EAAE,CAAC,QAAQ,EAAE,KAAK,OAAO;gBACvF,OAAO,IAAI,CAAC;YAChB,IAAG,EAAE,CAAC,QAAQ,EAAE,KAAK,MAAM;gBACvB,OAAO,CAAC,GAAG,IAAI,CAAC;SACvB;QAED,6BAA6B;QAC7B,OAAO,IAAI,GAAG,GAAG,CAAC;IACtB,CAAC;CACJ;AA7DD,0BA6DC","sourcesContent":["import { Figther } from \"./fighter\";\n\n/**\n * Clase Pokemon extendida de Figther\n */\nexport class Pokemon extends Figther{\n    /**\n     * Constructor\n     * @param name Nombre \n     * @param atk Ataque\n     * @param def Defensa\n     * @param hp Vida\n     * @param tipo Tipo\n     */\n    constructor(name: string, atk: number, def: number, hp: number, tipo: string){\n        super(name,atk,def,hp,tipo);\n    }\n\n    /**\n     * Metodo que muestra por consola el ganador de forma mas entendible\n     */\n    print(){\n        console.log(\"El pokemon \" + this.get_name() + \" ha ganado\");\n    }\n\n    /**\n     * Metodo apra calcular la eficiencia\n     * @param L2 Luchador reseptor del golpe\n     * @param daño daño del que golpea\n     * @returns daño del que golpea modificado\n     */\n    efi<T extends (Figther)>(L2: T, daño: number):number{\n        if(this.get_tipo() === \"fuego\"){\n            if(L2.get_tipo() === \"fuego\" || L2.get_tipo() === \"electrico\")\n                return daño;\n            if(L2.get_tipo() === \"agua\")\n                return 0.5 * daño; \n            if(L2.get_tipo() === \"hierba\")\n                return 2 * daño;\n        }\n        else if(this.get_tipo() === \"agua\"){\n            if(L2.get_tipo() === \"agua\")\n                return daño;\n            if(L2.get_tipo() === \"hierba\" || L2.get_tipo() === \"electrico\")\n                return 0.5 * daño; \n            if(L2.get_tipo() === \"fuego\")\n                return 2 * daño;\n        }\n        else if(this.get_tipo() === \"hierba\"){\n            if(L2.get_tipo() === \"hierba\" || L2.get_tipo() === \"electrico\")\n                return daño;\n            if(L2.get_tipo() === \"fuego\")\n                return 0.5 * daño; \n            if(L2.get_tipo() === \"agua\")\n                return 2 * daño;\n        }\n        else if(this.get_tipo() === \"electrico\"){\n            if(L2.get_tipo() === \"electrcio\" || L2.get_tipo() === \"hierba\" || L2.get_tipo() === \"fuego\")\n                return daño;\n            if(L2.get_tipo() === \"agua\")\n                return 2 * daño;\n        }\n    \n        //Si el otro no es un pokemon\n        return daño * 0.9;\n    }\n}"]},"_coverageSchema":"1a1c01bbd47fc00a2c39e90264f33305004495a9","hash":"2fe3b230e3e8212a34b4e9d3c06ae079472f926e","contentHash":"80febe3d562ae684f6a7324c94c51805a56b6fbb16f3e27f7304f2f6e6fc4e97"},"/home/usuario/DSI/P6/src/ejercicio-1/fighter.ts":{"path":"/home/usuario/DSI/P6/src/ejercicio-1/fighter.ts","statementMap":{"0":{"start":{"line":2,"column":0},"end":{"line":2,"column":62}},"1":{"start":{"line":3,"column":0},"end":{"line":3,"column":25}},"2":{"start":{"line":17,"column":8},"end":{"line":17,"column":25}},"3":{"start":{"line":18,"column":8},"end":{"line":18,"column":23}},"4":{"start":{"line":19,"column":8},"end":{"line":19,"column":23}},"5":{"start":{"line":20,"column":8},"end":{"line":20,"column":21}},"6":{"start":{"line":21,"column":8},"end":{"line":21,"column":25}},"7":{"start":{"line":27,"column":8},"end":{"line":27,"column":25}},"8":{"start":{"line":33,"column":8},"end":{"line":33,"column":24}},"9":{"start":{"line":39,"column":8},"end":{"line":39,"column":24}},"10":{"start":{"line":45,"column":8},"end":{"line":45,"column":23}},"11":{"start":{"line":51,"column":8},"end":{"line":51,"column":25}},"12":{"start":{"line":54,"column":0},"end":{"line":54,"column":26}}},"fnMap":{"0":{"name":"(anonymous_0)","decl":{"start":{"line":16,"column":4},"end":{"line":16,"column":5}},"loc":{"start":{"line":16,"column":42},"end":{"line":22,"column":5}},"line":16},"1":{"name":"(anonymous_1)","decl":{"start":{"line":26,"column":4},"end":{"line":26,"column":5}},"loc":{"start":{"line":26,"column":15},"end":{"line":28,"column":5}},"line":26},"2":{"name":"(anonymous_2)","decl":{"start":{"line":32,"column":4},"end":{"line":32,"column":5}},"loc":{"start":{"line":32,"column":14},"end":{"line":34,"column":5}},"line":32},"3":{"name":"(anonymous_3)","decl":{"start":{"line":38,"column":4},"end":{"line":38,"column":5}},"loc":{"start":{"line":38,"column":14},"end":{"line":40,"column":5}},"line":38},"4":{"name":"(anonymous_4)","decl":{"start":{"line":44,"column":4},"end":{"line":44,"column":5}},"loc":{"start":{"line":44,"column":13},"end":{"line":46,"column":5}},"line":44},"5":{"name":"(anonymous_5)","decl":{"start":{"line":50,"column":4},"end":{"line":50,"column":5}},"loc":{"start":{"line":50,"column":15},"end":{"line":52,"column":5}},"line":50}},"branchMap":{},"s":{"0":1,"1":1,"2":10,"3":10,"4":10,"5":10,"6":10,"7":17,"8":2,"9":2,"10":2,"11":0,"12":1},"f":{"0":10,"1":17,"2":2,"3":2,"4":2,"5":0},"b":{},"inputSourceMap":{"version":3,"file":"/home/usuario/DSI/P6/src/ejercicio-1/fighter.ts","sources":["/home/usuario/DSI/P6/src/ejercicio-1/fighter.ts"],"names":[],"mappings":";;;AACA;;GAEG;AACH,MAAsB,OAAO;IAEzB;;;;;;;OAOG;IACH,YAA6B,IAAY,EACZ,GAAW,EACX,GAAW,EACX,EAAU,EACV,IAAY;QAJZ,SAAI,GAAJ,IAAI,CAAQ;QACZ,QAAG,GAAH,GAAG,CAAQ;QACX,QAAG,GAAH,GAAG,CAAQ;QACX,OAAE,GAAF,EAAE,CAAQ;QACV,SAAI,GAAJ,IAAI,CAAQ;IACxC,CAAC;IAEF;;OAEG;IACH,QAAQ;QACJ,OAAO,IAAI,CAAC,IAAI,CAAC;IACrB,CAAC;IACD;;OAEG;IACH,OAAO;QACH,OAAO,IAAI,CAAC,GAAG,CAAC;IACpB,CAAC;IACD;;OAEG;IACH,OAAO;QACH,OAAO,IAAI,CAAC,GAAG,CAAC;IACpB,CAAC;IACD;;OAEG;IACH,MAAM;QACF,OAAO,IAAI,CAAC,EAAE,CAAC;IACnB,CAAC;IACD;;OAEG;IACH,QAAQ;QACJ,OAAO,IAAI,CAAC,IAAI,CAAC;IACrB,CAAC;CAaJ;AA3DD,0BA2DC","sourcesContent":["\n/**\n * Clase abstracta Figther\n */\nexport abstract class Figther{\n\n    /**\n     * Constructor de clase\n     * @param name Nombre del Luchador\n     * @param atk Cantidad de ataque del Luchador\n     * @param def Cantidad de defensa del Luchador\n     * @param hp Cantidad de vida del Luchador\n     * @param tipo Tipo del Luchador\n     */\n    constructor(private readonly name: string, \n                private readonly atk: number,\n                private readonly def: number,\n                private readonly hp: number,\n                private readonly tipo: string)\n    {}\n\n    /**\n     * @returns Nombre del Luchador\n     */\n    get_name(){\n        return this.name;\n    }\n    /**\n     * @returns Cantidad de ataque del Luchador\n     */\n    get_atk(){\n        return this.atk;\n    }\n    /**\n     * @returns Cantidad de defensa del Luchador\n     */\n    get_def(){\n        return this.def;\n    }\n    /**\n     * @returns Cantidad de vida del Luchador\n     */\n    get_hp(){\n        return this.hp;\n    }\n    /**\n     * @returns Tipo del Luchador\n     */\n    get_tipo(){\n        return this.tipo;\n    }\n    \n    /**\n     * Metodo abstracto para imprimir el ganador del combate\n     */\n    abstract print(): void;\n\n    /**\n     * Metodo abstracto para calcular la eficiencia del golpe\n     * @param L1 el luchador que recivira el golpe\n     * @param daño el daño base del golpeador\n     */\n    abstract efi<T extends (Figther)>(L1: T, daño: number):number;\n}"]},"_coverageSchema":"1a1c01bbd47fc00a2c39e90264f33305004495a9","hash":"5224c7d10a8206f1cf4380939f8d77f89438b6f7","contentHash":"f6ab84b5d2d7b8b84785586c7eb8625bdcdf521d98dd4ed447fb129dc02475c1"},"/home/usuario/DSI/P6/src/ejercicio-1/codigolyoko.ts":{"path":"/home/usuario/DSI/P6/src/ejercicio-1/codigolyoko.ts","statementMap":{"0":{"start":{"line":2,"column":0},"end":{"line":2,"column":62}},"1":{"start":{"line":3,"column":0},"end":{"line":3,"column":20}},"2":{"start":{"line":4,"column":18},"end":{"line":4,"column":38}},"3":{"start":{"line":5,"column":18},"end":{"line":5,"column":38}},"4":{"start":{"line":6,"column":17},"end":{"line":6,"column":36}},"5":{"start":{"line":20,"column":8},"end":{"line":20,"column":40}},"6":{"start":{"line":26,"column":8},"end":{"line":26,"column":90}},"7":{"start":{"line":35,"column":8},"end":{"line":36,"column":30}},"8":{"start":{"line":36,"column":12},"end":{"line":36,"column":30}},"9":{"start":{"line":37,"column":8},"end":{"line":38,"column":30}},"10":{"start":{"line":38,"column":12},"end":{"line":38,"column":30}},"11":{"start":{"line":39,"column":8},"end":{"line":39,"column":20}},"12":{"start":{"line":42,"column":0},"end":{"line":42,"column":16}}},"fnMap":{"0":{"name":"(anonymous_0)","decl":{"start":{"line":19,"column":4},"end":{"line":19,"column":5}},"loc":{"start":{"line":19,"column":42},"end":{"line":21,"column":5}},"line":19},"1":{"name":"(anonymous_1)","decl":{"start":{"line":25,"column":4},"end":{"line":25,"column":5}},"loc":{"start":{"line":25,"column":12},"end":{"line":27,"column":5}},"line":25},"2":{"name":"(anonymous_2)","decl":{"start":{"line":34,"column":4},"end":{"line":34,"column":5}},"loc":{"start":{"line":34,"column":18},"end":{"line":40,"column":5}},"line":34}},"branchMap":{"0":{"loc":{"start":{"line":35,"column":8},"end":{"line":36,"column":30}},"type":"if","locations":[{"start":{"line":35,"column":8},"end":{"line":36,"column":30}},{"start":{"line":35,"column":8},"end":{"line":36,"column":30}}],"line":35},"1":{"loc":{"start":{"line":37,"column":8},"end":{"line":38,"column":30}},"type":"if","locations":[{"start":{"line":37,"column":8},"end":{"line":38,"column":30}},{"start":{"line":37,"column":8},"end":{"line":38,"column":30}}],"line":37}},"s":{"0":1,"1":1,"2":1,"3":1,"4":1,"5":2,"6":0,"7":1,"8":0,"9":1,"10":1,"11":0,"12":1},"f":{"0":2,"1":0,"2":1},"b":{"0":[0,1],"1":[1,0]},"inputSourceMap":{"version":3,"file":"/home/usuario/DSI/P6/src/ejercicio-1/codigolyoko.ts","sources":["/home/usuario/DSI/P6/src/ejercicio-1/codigolyoko.ts"],"names":[],"mappings":";;;AAAA,uCAAoC;AACpC,uCAAoC;AACpC,qCAAkC;AAElC;;GAEG;AACH,MAAa,EAAG,SAAQ,iBAAO;IAC3B;;;;;;;OAOG;IACH,YAAY,IAAY,EAAE,GAAW,EAAE,GAAW,EAAE,EAAU,EAAE,IAAY;QACxE,KAAK,CAAC,IAAI,EAAC,GAAG,EAAC,GAAG,EAAC,EAAE,EAAC,IAAI,CAAC,CAAC;IAChC,CAAC;IAED;;OAEG;IACH,KAAK;QACD,OAAO,CAAC,GAAG,CAAC,gBAAgB,GAAG,IAAI,CAAC,QAAQ,EAAE,GAAG,+BAA+B,CAAC,CAAC;IACtF,CAAC;IAED;;;;;OAKG;IACH,GAAG,CAAsB,EAAK,EAAE,IAAY;QACxC,IAAG,EAAE,YAAY,iBAAO;YACpB,OAAO,IAAI,GAAG,GAAG,CAAC;QACtB,IAAG,EAAE,YAAY,eAAM;YACnB,OAAO,IAAI,GAAG,GAAG,CAAC;QAEtB,OAAO,IAAI,CAAC;IAChB,CAAC;CACJ;AAlCD,gBAkCC","sourcesContent":["import { Figther } from \"./fighter\";\nimport { Pokemon } from \"./pokemon\";\nimport { Marvel } from \"./marvel\";\n\n/**\n * Clase CodigoLyoko extendida de Figther\n */\nexport class CL extends Figther{\n    /**\n     * Constructor\n     * @param name Nombre \n     * @param atk Ataque\n     * @param def Defensa\n     * @param hp Vida\n     * @param tipo Universo\n     */\n    constructor(name: string, atk: number, def: number, hp: number, tipo: string){\n        super(name,atk,def,hp,tipo);\n    }\n\n    /**\n     * Metodo que muestra por consola el ganador de forma mas entendible\n     */\n    print(){\n        console.log(\"El ganador es \" + this.get_name() + \" que pertenece a Codigo Lyoko\");\n    }\n\n    /**\n     * Metodo apra calcular la eficiencia\n     * @param L2 Luchador reseptor del golpe\n     * @param daño daño del que golpea\n     * @returns daño del que golpea modificado\n     */\n    efi<T extends (Figther)>(L1: T, daño: number):number{\n        if(L1 instanceof Pokemon)\n            return daño * 1.2;\n        if(L1 instanceof Marvel)\n            return daño * 0.7;\n        \n        return daño;\n    }\n}"]},"_coverageSchema":"1a1c01bbd47fc00a2c39e90264f33305004495a9","hash":"b36e005db30e0c81f912e19109b3bc340daa46b1","contentHash":"c1677470100928a15d08dd63cf97c59ed9287803241f6eec70c622cb0dab4c27"},"/home/usuario/DSI/P6/src/ejercicio-1/marvel.ts":{"path":"/home/usuario/DSI/P6/src/ejercicio-1/marvel.ts","statementMap":{"0":{"start":{"line":2,"column":0},"end":{"line":2,"column":62}},"1":{"start":{"line":3,"column":0},"end":{"line":3,"column":24}},"2":{"start":{"line":4,"column":18},"end":{"line":4,"column":38}},"3":{"start":{"line":5,"column":18},"end":{"line":5,"column":38}},"4":{"start":{"line":6,"column":22},"end":{"line":6,"column":46}},"5":{"start":{"line":20,"column":8},"end":{"line":20,"column":40}},"6":{"start":{"line":26,"column":8},"end":{"line":26,"column":84}},"7":{"start":{"line":35,"column":8},"end":{"line":36,"column":28}},"8":{"start":{"line":36,"column":12},"end":{"line":36,"column":28}},"9":{"start":{"line":37,"column":8},"end":{"line":38,"column":30}},"10":{"start":{"line":38,"column":12},"end":{"line":38,"column":30}},"11":{"start":{"line":39,"column":8},"end":{"line":39,"column":20}},"12":{"start":{"line":42,"column":0},"end":{"line":42,"column":24}}},"fnMap":{"0":{"name":"(anonymous_0)","decl":{"start":{"line":19,"column":4},"end":{"line":19,"column":5}},"loc":{"start":{"line":19,"column":42},"end":{"line":21,"column":5}},"line":19},"1":{"name":"(anonymous_1)","decl":{"start":{"line":25,"column":4},"end":{"line":25,"column":5}},"loc":{"start":{"line":25,"column":12},"end":{"line":27,"column":5}},"line":25},"2":{"name":"(anonymous_2)","decl":{"start":{"line":34,"column":4},"end":{"line":34,"column":5}},"loc":{"start":{"line":34,"column":18},"end":{"line":40,"column":5}},"line":34}},"branchMap":{"0":{"loc":{"start":{"line":35,"column":8},"end":{"line":36,"column":28}},"type":"if","locations":[{"start":{"line":35,"column":8},"end":{"line":36,"column":28}},{"start":{"line":35,"column":8},"end":{"line":36,"column":28}}],"line":35},"1":{"loc":{"start":{"line":37,"column":8},"end":{"line":38,"column":30}},"type":"if","locations":[{"start":{"line":37,"column":8},"end":{"line":38,"column":30}},{"start":{"line":37,"column":8},"end":{"line":38,"column":30}}],"line":37}},"s":{"0":1,"1":1,"2":1,"3":1,"4":1,"5":4,"6":1,"7":1,"8":0,"9":1,"10":1,"11":0,"12":1},"f":{"0":4,"1":1,"2":1},"b":{"0":[0,1],"1":[1,0]},"inputSourceMap":{"version":3,"file":"/home/usuario/DSI/P6/src/ejercicio-1/marvel.ts","sources":["/home/usuario/DSI/P6/src/ejercicio-1/marvel.ts"],"names":[],"mappings":";;;AAAA,uCAAoC;AACpC,uCAAoC;AACpC,+CAAmC;AAGnC;;GAEG;AACH,MAAa,MAAO,SAAQ,iBAAO;IAC/B;;;;;;;OAOG;IACH,YAAY,IAAY,EAAE,GAAW,EAAE,GAAW,EAAE,EAAU,EAAE,IAAY;QACxE,KAAK,CAAC,IAAI,EAAC,GAAG,EAAC,GAAG,EAAC,EAAE,EAAC,IAAI,CAAC,CAAC;IAChC,CAAC;IAED;;OAEG;IACH,KAAK;QACD,OAAO,CAAC,GAAG,CAAC,gBAAgB,GAAG,IAAI,CAAC,QAAQ,EAAE,GAAG,yBAAyB,CAAC,CAAC;IAChF,CAAC;IAED;;;;;OAKG;IACH,GAAG,CAAsB,EAAK,EAAE,IAAY;QACxC,IAAG,EAAE,YAAY,iBAAO;YACpB,OAAO,IAAI,GAAG,CAAC,CAAC;QACpB,IAAG,EAAE,YAAY,gBAAE;YACf,OAAO,IAAI,GAAG,GAAG,CAAC;QAEtB,OAAO,IAAI,CAAC;IAChB,CAAC;CACJ;AAlCD,wBAkCC","sourcesContent":["import { Figther } from \"./fighter\";\nimport { Pokemon } from \"./pokemon\";\nimport { CL } from \"./codigolyoko\";\n\n\n/**\n * Clase Marvel extendida de Figther\n */\nexport class Marvel extends Figther{\n    /**\n     * Constructor\n     * @param name Nombre \n     * @param atk Ataque\n     * @param def Defensa\n     * @param hp Vida\n     * @param tipo Universo\n     */\n    constructor(name: string, atk: number, def: number, hp: number, tipo: string){\n        super(name,atk,def,hp,tipo);\n    }\n\n    /**\n     * Metodo que muestra por consola el ganador de forma mas entendible\n     */\n    print(){\n        console.log(\"El ganador es \" + this.get_name() + \" que pertenece a Marvel\");\n    }\n\n    /**\n     * Metodo apra calcular la eficiencia\n     * @param L2 Luchador reseptor del golpe\n     * @param daño daño del que golpea\n     * @returns daño del que golpea modificado\n     */\n    efi<T extends (Figther)>(L1: T, daño: number):number{\n        if(L1 instanceof Pokemon)\n            return daño * 2;\n        if(L1 instanceof CL)\n            return daño * 1.2;\n    \n        return daño;\n    }\n}"]},"_coverageSchema":"1a1c01bbd47fc00a2c39e90264f33305004495a9","hash":"7b2e660388fb4441a4dfceed13bfda85bda98520","contentHash":"b33c6ed5bc43592836b3a7d80ad69e35dc23b701b46f618b5eed12197c622d52"},"/home/usuario/DSI/P6/src/ejercicio-1/combate.ts":{"path":"/home/usuario/DSI/P6/src/ejercicio-1/combate.ts","statementMap":{"0":{"start":{"line":2,"column":0},"end":{"line":2,"column":62}},"1":{"start":{"line":3,"column":0},"end":{"line":3,"column":24}},"2":{"start":{"line":14,"column":8},"end":{"line":14,"column":21}},"3":{"start":{"line":15,"column":8},"end":{"line":15,"column":21}},"4":{"start":{"line":24,"column":20},"end":{"line":24,"column":64}},"5":{"start":{"line":25,"column":20},"end":{"line":25,"column":64}},"6":{"start":{"line":26,"column":8},"end":{"line":26,"column":44}},"7":{"start":{"line":27,"column":8},"end":{"line":27,"column":44}},"8":{"start":{"line":28,"column":20},"end":{"line":28,"column":36}},"9":{"start":{"line":29,"column":20},"end":{"line":29,"column":36}},"10":{"start":{"line":30,"column":8},"end":{"line":51,"column":9}},"11":{"start":{"line":31,"column":12},"end":{"line":31,"column":79}},"12":{"start":{"line":32,"column":12},"end":{"line":32,"column":27}},"13":{"start":{"line":33,"column":12},"end":{"line":39,"column":13}},"14":{"start":{"line":34,"column":16},"end":{"line":34,"column":82}},"15":{"start":{"line":36,"column":16},"end":{"line":36,"column":66}},"16":{"start":{"line":37,"column":16},"end":{"line":37,"column":32}},"17":{"start":{"line":38,"column":16},"end":{"line":38,"column":42}},"18":{"start":{"line":40,"column":12},"end":{"line":50,"column":13}},"19":{"start":{"line":41,"column":16},"end":{"line":41,"column":83}},"20":{"start":{"line":42,"column":16},"end":{"line":42,"column":31}},"21":{"start":{"line":43,"column":16},"end":{"line":49,"column":17}},"22":{"start":{"line":44,"column":20},"end":{"line":44,"column":86}},"23":{"start":{"line":46,"column":20},"end":{"line":46,"column":70}},"24":{"start":{"line":47,"column":20},"end":{"line":47,"column":36}},"25":{"start":{"line":48,"column":20},"end":{"line":48,"column":46}},"26":{"start":{"line":54,"column":0},"end":{"line":54,"column":24}}},"fnMap":{"0":{"name":"(anonymous_0)","decl":{"start":{"line":13,"column":4},"end":{"line":13,"column":5}},"loc":{"start":{"line":13,"column":24},"end":{"line":16,"column":5}},"line":13},"1":{"name":"(anonymous_1)","decl":{"start":{"line":23,"column":4},"end":{"line":23,"column":5}},"loc":{"start":{"line":23,"column":12},"end":{"line":52,"column":5}},"line":23}},"branchMap":{"0":{"loc":{"start":{"line":30,"column":15},"end":{"line":30,"column":37}},"type":"binary-expr","locations":[{"start":{"line":30,"column":15},"end":{"line":30,"column":24}},{"start":{"line":30,"column":28},"end":{"line":30,"column":37}}],"line":30},"1":{"loc":{"start":{"line":33,"column":12},"end":{"line":39,"column":13}},"type":"if","locations":[{"start":{"line":33,"column":12},"end":{"line":39,"column":13}},{"start":{"line":33,"column":12},"end":{"line":39,"column":13}}],"line":33},"2":{"loc":{"start":{"line":40,"column":12},"end":{"line":50,"column":13}},"type":"if","locations":[{"start":{"line":40,"column":12},"end":{"line":50,"column":13}},{"start":{"line":40,"column":12},"end":{"line":50,"column":13}}],"line":40},"3":{"loc":{"start":{"line":43,"column":16},"end":{"line":49,"column":17}},"type":"if","locations":[{"start":{"line":43,"column":16},"end":{"line":49,"column":17}},{"start":{"line":43,"column":16},"end":{"line":49,"column":17}}],"line":43}},"s":{"0":1,"1":1,"2":2,"3":2,"4":1,"5":1,"6":1,"7":1,"8":1,"9":1,"10":1,"11":3,"12":3,"13":3,"14":2,"15":1,"16":1,"17":1,"18":2,"19":2,"20":2,"21":2,"22":2,"23":0,"24":0,"25":0,"26":1},"f":{"0":2,"1":1},"b":{"0":[3,3],"1":[2,1],"2":[2,0],"3":[2,0]},"inputSourceMap":{"version":3,"file":"/home/usuario/DSI/P6/src/ejercicio-1/combate.ts","sources":["/home/usuario/DSI/P6/src/ejercicio-1/combate.ts"],"names":[],"mappings":";;;AAMA;;GAEG;AACH,MAAa,MAAM;IACf;;;;OAIG;IACH,YAAmB,EAAW,EAAS,EAAW;QAA/B,OAAE,GAAF,EAAE,CAAS;QAAS,OAAE,GAAF,EAAE,CAAS;IAClD,CAAC;IAED;;;;;OAKG;IACH,KAAK;QACD,IAAI,KAAK,GAAU,EAAE,GAAG,CAAC,IAAI,CAAC,EAAE,CAAC,OAAO,EAAE,GAAC,IAAI,CAAC,EAAE,CAAC,OAAO,EAAE,CAAC,CAAC;QAC9D,IAAI,KAAK,GAAU,EAAE,GAAG,CAAC,IAAI,CAAC,EAAE,CAAC,OAAO,EAAE,GAAC,IAAI,CAAC,EAAE,CAAC,OAAO,EAAE,CAAC,CAAC;QAC9D,KAAK,GAAG,IAAI,CAAC,EAAE,CAAC,GAAG,CAAC,IAAI,CAAC,EAAE,EAAC,KAAK,CAAC,CAAC;QACnC,KAAK,GAAG,IAAI,CAAC,EAAE,CAAC,GAAG,CAAC,IAAI,CAAC,EAAE,EAAC,KAAK,CAAC,CAAC;QAEnC,IAAI,KAAK,GAAW,IAAI,CAAC,EAAE,CAAC,MAAM,EAAE,CAAC;QACrC,IAAI,KAAK,GAAW,IAAI,CAAC,EAAE,CAAC,MAAM,EAAE,CAAC;QAGrC,OAAO,KAAK,GAAG,CAAC,IAAI,KAAK,GAAG,CAAC,EAAE;YAE3B,OAAO,CAAC,GAAG,CAAC,IAAI,CAAC,EAAE,CAAC,QAAQ,EAAE,GAAG,WAAW,GAAG,IAAI,CAAC,EAAE,CAAC,QAAQ,EAAE,CAAC,CAAC;YACnE,KAAK,IAAI,KAAK,CAAC;YACf,IAAG,KAAK,GAAG,CAAC;gBACR,OAAO,CAAC,GAAG,CAAC,IAAI,CAAC,EAAE,CAAC,QAAQ,EAAE,GAAG,SAAS,GAAG,KAAK,GAAE,WAAW,CAAC,CAAC;iBACjE;gBACA,OAAO,CAAC,GAAG,CAAC,IAAI,CAAC,EAAE,CAAC,QAAQ,EAAE,GAAG,eAAe,CAAC,CAAA;gBACjD,IAAI,CAAC,EAAE,CAAC,KAAK,EAAE,CAAC;gBAChB,OAAO,IAAI,CAAC,EAAE,CAAC,QAAQ,EAAE,CAAC;aAC7B;YAED,IAAG,KAAK,GAAG,CAAC,EAAC;gBACT,OAAO,CAAC,GAAG,CAAC,IAAI,CAAC,EAAE,CAAC,QAAQ,EAAE,GAAG,WAAW,GAAG,IAAI,CAAC,EAAE,CAAC,QAAQ,EAAE,CAAC,CAAC;gBACnE,KAAK,IAAI,KAAK,CAAC;gBACf,IAAG,KAAK,GAAG,CAAC;oBACR,OAAO,CAAC,GAAG,CAAC,IAAI,CAAC,EAAE,CAAC,QAAQ,EAAE,GAAG,SAAS,GAAG,KAAK,GAAE,WAAW,CAAC,CAAC;qBACjE;oBACA,OAAO,CAAC,GAAG,CAAC,IAAI,CAAC,EAAE,CAAC,QAAQ,EAAE,GAAG,eAAe,CAAC,CAAA;oBACjD,IAAI,CAAC,EAAE,CAAC,KAAK,EAAE,CAAC;oBAChB,OAAO,IAAI,CAAC,EAAE,CAAC,QAAQ,EAAE,CAAC;iBAC7B;aACJ;SACJ;IACL,CAAC;CACJ;AAlDD,wBAkDC","sourcesContent":["import { CL } from \"./codigolyoko\";\nimport { Figther } from \"./fighter\";\nimport { Marvel } from \"./marvel\";\nimport { Pokemon } from \"./pokemon\";\n\n\n/**\n * Clase Combate, gestiona el duelo\n */\nexport class Combat {\n    /**\n     * Constructor\n     * @param L1 Luchador 1\n     * @param L2 Luchador 2\n     */\n    constructor(public L1: Figther ,public L2: Figther) {\n    }\n\n    /**\n     * Este metodo realiza las operaciones para calcular el daño que realiza cada lucahdor\n     * Luego llama al metodo efi para modificar el daño con respecto a la eficiencia\n     * Muestra en consola en cada momento como se encuentra la ida de cada Luchador\n     * @returns Devuelve el nombre del ganador\n     */\n    start(): string{\n        let daño1:number = 30 * (this.L1.get_atk()/this.L2.get_def());\n        let daño2:number = 30 * (this.L2.get_atk()/this.L1.get_def());\n        daño1 = this.L1.efi(this.L2,daño1); \n        daño2 = this.L2.efi(this.L1,daño2); \n        \n        let vida1: number = this.L1.get_hp();\n        let vida2: number = this.L2.get_hp();\n\n\n        while (vida1 > 0 && vida2 > 0) {\n\n            console.log(this.L1.get_name() + \" ataca a \" + this.L2.get_name());\n            vida2 -= daño1;\n            if(vida2 > 0) \n                console.log(this.L2.get_name() + \" tiene \" + vida2 +\" de vida.\");\n            else{\n                console.log(this.L2.get_name() + \" se devilito.\")\n                this.L1.print();\n                return this.L1.get_name();\n            }\n\n            if(vida2 > 0){\n                console.log(this.L2.get_name() + \" ataca a \" + this.L1.get_name());\n                vida1 -= daño2; \n                if(vida1 > 0) \n                    console.log(this.L1.get_name() + \" tiene \" + vida1 +\" de vida.\");\n                else{\n                    console.log(this.L1.get_name() + \" se devilito.\")\n                    this.L2.print();\n                    return this.L2.get_name();\n                }\n            }\n        }\n    }\n}"]},"_coverageSchema":"1a1c01bbd47fc00a2c39e90264f33305004495a9","hash":"7c5ca304bc35aa9b06b7c3751a9e28260fd6afef","contentHash":"afb5aa10fd75215892f0d072e7a1cbb232002bb94e9277d0b756c2299f3c1101"},"/home/usuario/DSI/P6/src/ejercicio-1/pokedex.ts":{"path":"/home/usuario/DSI/P6/src/ejercicio-1/pokedex.ts","statementMap":{"0":{"start":{"line":2,"column":0},"end":{"line":2,"column":62}},"1":{"start":{"line":3,"column":0},"end":{"line":3,"column":25}},"2":{"start":{"line":4,"column":22},"end":{"line":4,"column":46}},"3":{"start":{"line":5,"column":17},"end":{"line":5,"column":36}},"4":{"start":{"line":6,"column":18},"end":{"line":6,"column":38}},"5":{"start":{"line":16,"column":8},"end":{"line":16,"column":37}},"6":{"start":{"line":22,"column":8},"end":{"line":22,"column":31}},"7":{"start":{"line":28,"column":8},"end":{"line":35,"column":11}},"8":{"start":{"line":29,"column":12},"end":{"line":34,"column":78}},"9":{"start":{"line":30,"column":16},"end":{"line":30,"column":66}},"10":{"start":{"line":31,"column":17},"end":{"line":34,"column":78}},"11":{"start":{"line":32,"column":16},"end":{"line":32,"column":84}},"12":{"start":{"line":33,"column":17},"end":{"line":34,"column":78}},"13":{"start":{"line":34,"column":16},"end":{"line":34,"column":78}},"14":{"start":{"line":38,"column":0},"end":{"line":38,"column":26}}},"fnMap":{"0":{"name":"(anonymous_0)","decl":{"start":{"line":15,"column":4},"end":{"line":15,"column":5}},"loc":{"start":{"line":15,"column":28},"end":{"line":17,"column":5}},"line":15},"1":{"name":"(anonymous_1)","decl":{"start":{"line":21,"column":4},"end":{"line":21,"column":5}},"loc":{"start":{"line":21,"column":21},"end":{"line":23,"column":5}},"line":21},"2":{"name":"(anonymous_2)","decl":{"start":{"line":27,"column":4},"end":{"line":27,"column":5}},"loc":{"start":{"line":27,"column":12},"end":{"line":36,"column":5}},"line":27},"3":{"name":"(anonymous_3)","decl":{"start":{"line":28,"column":32},"end":{"line":28,"column":33}},"loc":{"start":{"line":28,"column":43},"end":{"line":35,"column":9}},"line":28}},"branchMap":{"0":{"loc":{"start":{"line":29,"column":12},"end":{"line":34,"column":78}},"type":"if","locations":[{"start":{"line":29,"column":12},"end":{"line":34,"column":78}},{"start":{"line":29,"column":12},"end":{"line":34,"column":78}}],"line":29},"1":{"loc":{"start":{"line":31,"column":17},"end":{"line":34,"column":78}},"type":"if","locations":[{"start":{"line":31,"column":17},"end":{"line":34,"column":78}},{"start":{"line":31,"column":17},"end":{"line":34,"column":78}}],"line":31},"2":{"loc":{"start":{"line":33,"column":17},"end":{"line":34,"column":78}},"type":"if","locations":[{"start":{"line":33,"column":17},"end":{"line":34,"column":78}},{"start":{"line":33,"column":17},"end":{"line":34,"column":78}}],"line":33}},"s":{"0":1,"1":1,"2":1,"3":1,"4":1,"5":2,"6":2,"7":0,"8":0,"9":0,"10":0,"11":0,"12":0,"13":0,"14":1},"f":{"0":2,"1":2,"2":0,"3":0},"b":{"0":[0,0],"1":[0,0],"2":[0,0]},"inputSourceMap":{"version":3,"file":"/home/usuario/DSI/P6/src/ejercicio-1/pokedex.ts","sources":["/home/usuario/DSI/P6/src/ejercicio-1/pokedex.ts"],"names":[],"mappings":";;;AAAA,+CAAmC;AAEnC,qCAAkC;AAClC,uCAAoC;AAEpC;;GAEG;AACH,MAAa,OAAO;IAChB;;;OAGG;IACH,YAAoB,UAAqB;QAArB,eAAU,GAAV,UAAU,CAAW;IAAE,CAAC;IAC5C;;OAEG;IACH,cAAc;QACV,OAAO,IAAI,CAAC,UAAU,CAAC;IAC3B,CAAC;IAED;;OAEG;IACH,KAAK;QACD,IAAI,CAAC,UAAU,CAAC,OAAO,CAAC,OAAO,CAAC,EAAE;YAC9B,IAAG,OAAO,YAAY,iBAAO;gBACzB,OAAO,CAAC,GAAG,CAAC,OAAO,CAAC,QAAQ,EAAE,GAAG,eAAe,CAAC,CAAA;iBAChD,IAAG,OAAO,YAAY,gBAAE;gBACzB,OAAO,CAAC,GAAG,CAAC,OAAO,CAAC,QAAQ,EAAE,GAAG,iCAAiC,CAAC,CAAA;iBAClE,IAAG,OAAO,YAAY,eAAM;gBAC7B,OAAO,CAAC,GAAG,CAAC,OAAO,CAAC,QAAQ,EAAE,GAAG,2BAA2B,CAAC,CAAA;QACrE,CAAC,CAAC,CAAC;IACP,CAAC;CACJ;AA1BD,0BA0BC","sourcesContent":["import { CL } from \"./codigolyoko\";\nimport { Figther } from \"./fighter\";\nimport { Marvel } from \"./marvel\";\nimport { Pokemon } from \"./pokemon\";\n\n/**\n * Clase Pokedex, gestiona vector de Luchadores\n */\nexport class Pokedex{\n    /**\n     * Constructor\n     * @param luchadores Vector de Luchadores existentes\n     */\n    constructor(private luchadores: Figther[]){}\n    /**\n     * @returns Devuelve el vector de Luchadores\n     */\n    get_luchadores(): Figther[]{\n        return this.luchadores;\n    }\n\n    /**\n     * Metodo que imprime de que universo son los luchadores existentes\n     */\n    print(){\n        this.luchadores.forEach(element => {\n            if(element instanceof Pokemon)\n                console.log(element.get_name() + \"es un Pokemon\")\n            else if(element instanceof CL)\n                console.log(element.get_name() + \"es del Universo de Codigo Lyoko\")\n            else if(element instanceof Marvel)\n                console.log(element.get_name() + \"es del Universo de Marvel\")\n        });\n    }\n}"]},"_coverageSchema":"1a1c01bbd47fc00a2c39e90264f33305004495a9","hash":"61b382c3c12d44295cc5cab071033d559a52e2d4","contentHash":"d5ac62b887c53e0a918547733d821173a233abe4313bcbf192106b08f635e7e5"},"/home/usuario/DSI/P6/src/ejercicio-2/fuerza.ts":{"path":"/home/usuario/DSI/P6/src/ejercicio-2/fuerza.ts","statementMap":{"0":{"start":{"line":2,"column":0},"end":{"line":2,"column":62}},"1":{"start":{"line":3,"column":0},"end":{"line":3,"column":24}},"2":{"start":{"line":15,"column":21},"end":{"line":15,"column":28}},"3":{"start":{"line":16,"column":8},"end":{"line":23,"column":9}},"4":{"start":{"line":17,"column":12},"end":{"line":18,"column":65}},"5":{"start":{"line":18,"column":16},"end":{"line":18,"column":65}},"6":{"start":{"line":20,"column":13},"end":{"line":23,"column":9}},"7":{"start":{"line":21,"column":12},"end":{"line":22,"column":65}},"8":{"start":{"line":22,"column":16},"end":{"line":22,"column":65}},"9":{"start":{"line":24,"column":8},"end":{"line":24,"column":22}},"10":{"start":{"line":27,"column":0},"end":{"line":27,"column":24}}},"fnMap":{"0":{"name":"(anonymous_0)","decl":{"start":{"line":8,"column":4},"end":{"line":8,"column":5}},"loc":{"start":{"line":8,"column":18},"end":{"line":8,"column":21}},"line":8},"1":{"name":"(anonymous_1)","decl":{"start":{"line":14,"column":4},"end":{"line":14,"column":5}},"loc":{"start":{"line":14,"column":18},"end":{"line":25,"column":5}},"line":14}},"branchMap":{"0":{"loc":{"start":{"line":16,"column":8},"end":{"line":23,"column":9}},"type":"if","locations":[{"start":{"line":16,"column":8},"end":{"line":23,"column":9}},{"start":{"line":16,"column":8},"end":{"line":23,"column":9}}],"line":16},"1":{"loc":{"start":{"line":17,"column":12},"end":{"line":18,"column":65}},"type":"if","locations":[{"start":{"line":17,"column":12},"end":{"line":18,"column":65}},{"start":{"line":17,"column":12},"end":{"line":18,"column":65}}],"line":17},"2":{"loc":{"start":{"line":20,"column":13},"end":{"line":23,"column":9}},"type":"if","locations":[{"start":{"line":20,"column":13},"end":{"line":23,"column":9}},{"start":{"line":20,"column":13},"end":{"line":23,"column":9}}],"line":20},"3":{"loc":{"start":{"line":21,"column":12},"end":{"line":22,"column":65}},"type":"if","locations":[{"start":{"line":21,"column":12},"end":{"line":22,"column":65}},{"start":{"line":21,"column":12},"end":{"line":22,"column":65}}],"line":21}},"s":{"0":1,"1":1,"2":1,"3":1,"4":1,"5":1,"6":0,"7":0,"8":0,"9":1,"10":1},"f":{"0":1,"1":1},"b":{"0":[1,0],"1":[1,0],"2":[0,0],"3":[0,0]},"inputSourceMap":{"version":3,"file":"/home/usuario/DSI/P6/src/ejercicio-2/fuerza.ts","sources":["/home/usuario/DSI/P6/src/ejercicio-2/fuerza.ts"],"names":[],"mappings":";;;AAEA;;GAEG;AACH,MAAa,MAAM;IAEf,gBAAc,CAAC;IAEf;;;;OAIG;IACH,OAAO,CAAC,IAA8B;QAClC,IAAI,MAAM,GAAW,IAAI,CAAC,CAAC,CAAC,CAAC;QAC7B,IAAG,IAAI,CAAC,CAAC,CAAC,IAAI,GAAG,EAAE;YACf,IAAI,IAAI,CAAC,CAAC,CAAC,IAAI,IAAI;gBACf,MAAM,GAAG,UAAU,CAAC,CAAC,IAAI,CAAC,CAAC,CAAC,GAAG,IAAI,CAAC,CAAC,OAAO,CAAC,CAAC,CAAC,CAAC,CAAC;SACxD;aAAM,IAAI,IAAI,CAAC,CAAC,CAAC,IAAI,IAAI,EAAE;YACxB,IAAI,IAAI,CAAC,CAAC,CAAC,IAAI,GAAG;gBACd,MAAM,GAAG,UAAU,CAAC,CAAC,IAAI,CAAC,CAAC,CAAC,GAAG,IAAI,CAAC,CAAC,OAAO,CAAC,CAAC,CAAC,CAAC,CAAC;SACxD;QACD,OAAO,MAAM,CAAC;IAClB,CAAC;CACJ;AApBD,wBAoBC","sourcesContent":["import {isConvertible} from './conversor';\n\n/**\n * Clase que representa unidades de medida de fuerza\n */\nexport class Fuerza implements isConvertible<[string, number, string]> {\n\n    constructor(){}\n\n    /**\n     * Realiza la conversión de unidades\n     * @param dato unidad, valor de lo que vamos a camvertir y el 3er attr es a cual convertir\n     * @returns El valor convertido\n     */\n    convert(dato: [string, number, string]): number {\n        let result: number = dato[1];\n        if(dato[0] == 'N') {\n            if (dato[2] == 'kp')\n                result = parseFloat((dato[1] / 9.81).toFixed(3));\n        } else if (dato[0] == 'kp') {\n            if (dato[2] == 'N') \n                result = parseFloat((dato[1] * 9.81).toFixed(3));\n        }\n        return result;\n    }\n}"]},"_coverageSchema":"1a1c01bbd47fc00a2c39e90264f33305004495a9","hash":"3906e461fecdd412293bbaad9940f667245207db","contentHash":"f7b6b89d65f6e86505866d1208382520e6912b43bed9f49b9a9644cafff6efe6"},"/home/usuario/DSI/P6/src/ejercicio-2/longitud.ts":{"path":"/home/usuario/DSI/P6/src/ejercicio-2/longitud.ts","statementMap":{"0":{"start":{"line":2,"column":0},"end":{"line":2,"column":62}},"1":{"start":{"line":3,"column":0},"end":{"line":3,"column":26}},"2":{"start":{"line":15,"column":21},"end":{"line":15,"column":28}},"3":{"start":{"line":16,"column":8},"end":{"line":39,"column":9}},"4":{"start":{"line":17,"column":12},"end":{"line":22,"column":13}},"5":{"start":{"line":18,"column":16},"end":{"line":18,"column":65}},"6":{"start":{"line":20,"column":17},"end":{"line":22,"column":13}},"7":{"start":{"line":21,"column":16},"end":{"line":21,"column":66}},"8":{"start":{"line":24,"column":13},"end":{"line":39,"column":9}},"9":{"start":{"line":25,"column":12},"end":{"line":30,"column":13}},"10":{"start":{"line":26,"column":16},"end":{"line":26,"column":65}},"11":{"start":{"line":28,"column":17},"end":{"line":30,"column":13}},"12":{"start":{"line":29,"column":16},"end":{"line":29,"column":65}},"13":{"start":{"line":32,"column":13},"end":{"line":39,"column":9}},"14":{"start":{"line":33,"column":12},"end":{"line":38,"column":13}},"15":{"start":{"line":34,"column":16},"end":{"line":34,"column":67}},"16":{"start":{"line":36,"column":17},"end":{"line":38,"column":13}},"17":{"start":{"line":37,"column":16},"end":{"line":37,"column":65}},"18":{"start":{"line":40,"column":8},"end":{"line":40,"column":22}},"19":{"start":{"line":43,"column":0},"end":{"line":43,"column":28}}},"fnMap":{"0":{"name":"(anonymous_0)","decl":{"start":{"line":8,"column":4},"end":{"line":8,"column":5}},"loc":{"start":{"line":8,"column":18},"end":{"line":8,"column":21}},"line":8},"1":{"name":"(anonymous_1)","decl":{"start":{"line":14,"column":4},"end":{"line":14,"column":5}},"loc":{"start":{"line":14,"column":18},"end":{"line":41,"column":5}},"line":14}},"branchMap":{"0":{"loc":{"start":{"line":16,"column":8},"end":{"line":39,"column":9}},"type":"if","locations":[{"start":{"line":16,"column":8},"end":{"line":39,"column":9}},{"start":{"line":16,"column":8},"end":{"line":39,"column":9}}],"line":16},"1":{"loc":{"start":{"line":17,"column":12},"end":{"line":22,"column":13}},"type":"if","locations":[{"start":{"line":17,"column":12},"end":{"line":22,"column":13}},{"start":{"line":17,"column":12},"end":{"line":22,"column":13}}],"line":17},"2":{"loc":{"start":{"line":20,"column":17},"end":{"line":22,"column":13}},"type":"if","locations":[{"start":{"line":20,"column":17},"end":{"line":22,"column":13}},{"start":{"line":20,"column":17},"end":{"line":22,"column":13}}],"line":20},"3":{"loc":{"start":{"line":24,"column":13},"end":{"line":39,"column":9}},"type":"if","locations":[{"start":{"line":24,"column":13},"end":{"line":39,"column":9}},{"start":{"line":24,"column":13},"end":{"line":39,"column":9}}],"line":24},"4":{"loc":{"start":{"line":25,"column":12},"end":{"line":30,"column":13}},"type":"if","locations":[{"start":{"line":25,"column":12},"end":{"line":30,"column":13}},{"start":{"line":25,"column":12},"end":{"line":30,"column":13}}],"line":25},"5":{"loc":{"start":{"line":28,"column":17},"end":{"line":30,"column":13}},"type":"if","locations":[{"start":{"line":28,"column":17},"end":{"line":30,"column":13}},{"start":{"line":28,"column":17},"end":{"line":30,"column":13}}],"line":28},"6":{"loc":{"start":{"line":32,"column":13},"end":{"line":39,"column":9}},"type":"if","locations":[{"start":{"line":32,"column":13},"end":{"line":39,"column":9}},{"start":{"line":32,"column":13},"end":{"line":39,"column":9}}],"line":32},"7":{"loc":{"start":{"line":33,"column":12},"end":{"line":38,"column":13}},"type":"if","locations":[{"start":{"line":33,"column":12},"end":{"line":38,"column":13}},{"start":{"line":33,"column":12},"end":{"line":38,"column":13}}],"line":33},"8":{"loc":{"start":{"line":36,"column":17},"end":{"line":38,"column":13}},"type":"if","locations":[{"start":{"line":36,"column":17},"end":{"line":38,"column":13}},{"start":{"line":36,"column":17},"end":{"line":38,"column":13}}],"line":36}},"s":{"0":1,"1":1,"2":1,"3":1,"4":0,"5":0,"6":0,"7":0,"8":1,"9":1,"10":0,"11":1,"12":1,"13":0,"14":0,"15":0,"16":0,"17":0,"18":1,"19":1},"f":{"0":1,"1":1},"b":{"0":[0,1],"1":[0,0],"2":[0,0],"3":[1,0],"4":[0,1],"5":[1,0],"6":[0,0],"7":[0,0],"8":[0,0]},"inputSourceMap":{"version":3,"file":"/home/usuario/DSI/P6/src/ejercicio-2/longitud.ts","sources":["/home/usuario/DSI/P6/src/ejercicio-2/longitud.ts"],"names":[],"mappings":";;;AAEA;;GAEG;AACH,MAAa,QAAQ;IAEjB,gBAAc,CAAC;IAEf;;;;OAIG;IACH,OAAO,CAAC,IAA8B;QAClC,IAAI,MAAM,GAAW,IAAI,CAAC,CAAC,CAAC,CAAC;QAC7B,IAAG,IAAI,CAAC,CAAC,CAAC,IAAI,GAAG,EAAE;YACf,IAAI,IAAI,CAAC,CAAC,CAAC,IAAI,IAAI,EAAE;gBACjB,MAAM,GAAG,UAAU,CAAC,CAAC,IAAI,CAAC,CAAC,CAAC,GAAG,IAAI,CAAC,CAAC,OAAO,CAAC,CAAC,CAAC,CAAC,CAAC;aACpD;iBAAM,IAAI,IAAI,CAAC,CAAC,CAAC,IAAI,IAAI,EAAE;gBACxB,MAAM,GAAG,UAAU,CAAC,CAAC,IAAI,CAAC,CAAC,CAAC,GAAG,KAAK,CAAC,CAAC,OAAO,CAAC,CAAC,CAAC,CAAC,CAAC;aACrD;SACJ;aAAM,IAAI,IAAI,CAAC,CAAC,CAAC,IAAI,IAAI,EAAE;YACxB,IAAI,IAAI,CAAC,CAAC,CAAC,IAAI,IAAI,EAAE;gBACjB,MAAM,GAAG,UAAU,CAAC,CAAC,IAAI,CAAC,CAAC,CAAC,GAAG,IAAI,CAAC,CAAC,OAAO,CAAC,CAAC,CAAC,CAAC,CAAC;aACpD;iBAAM,IAAI,IAAI,CAAC,CAAC,CAAC,IAAI,GAAG,EAAE;gBACvB,MAAM,GAAG,UAAU,CAAC,CAAC,IAAI,CAAC,CAAC,CAAC,GAAG,IAAI,CAAC,CAAC,OAAO,CAAC,CAAC,CAAC,CAAC,CAAC;aACpD;SACJ;aAAM,IAAI,IAAI,CAAC,CAAC,CAAC,IAAI,IAAI,EAAE;YACxB,IAAI,IAAI,CAAC,CAAC,CAAC,IAAI,GAAG,EAAE;gBAChB,MAAM,GAAG,UAAU,CAAC,CAAC,IAAI,CAAC,CAAC,CAAC,GAAG,MAAM,CAAC,CAAC,OAAO,CAAC,CAAC,CAAC,CAAC,CAAC;aACtD;iBAAM,IAAI,IAAI,CAAC,CAAC,CAAC,IAAI,IAAI,EAAE;gBACxB,MAAM,GAAG,UAAU,CAAC,CAAC,IAAI,CAAC,CAAC,CAAC,GAAG,IAAI,CAAC,CAAC,OAAO,CAAC,CAAC,CAAC,CAAC,CAAC;aACpD;SACJ;QACD,OAAO,MAAM,CAAC;IAClB,CAAC;CACJ;AAhCD,4BAgCC","sourcesContent":["import {isConvertible} from './conversor';\n\n/**\n * Clase que representa unidades de medida de longitud\n */\nexport class Longitud implements isConvertible<[string, number, string]> {\n\n    constructor(){}\n\n    /**\n     * Realiza la conversión de unidades\n     * @param dato unidad, valor de lo que vamos a camvertir y el 3er attr es a cual convertir\n     * @returns El valor convertido\n     */\n    convert(dato: [string, number, string]): number {\n        let result: number = dato[1];\n        if(dato[0] == 'm') {\n            if (dato[2] == 'mi') {\n                result = parseFloat((dato[1] / 1609).toFixed(3));\n            } else if (dato[2] == 'yd') {\n                result = parseFloat((dato[1] * 1.094).toFixed(3));\n            }\n        } else if (dato[0] == 'mi') {\n            if (dato[2] == 'yd') {\n                result = parseFloat((dato[1] * 1760).toFixed(3));\n            } else if (dato[2] == 'm') {\n                result = parseFloat((dato[1] * 1609).toFixed(3));\n            }\n        } else if (dato[0] == 'yd') {\n            if (dato[2] == 'm') {\n                result = parseFloat((dato[1] * 0.9144).toFixed(3));\n            } else if (dato[2] == 'mi') {\n                result = parseFloat((dato[1] / 1760).toFixed(3));\n            }\n        }\n        return result;\n    }\n}"]},"_coverageSchema":"1a1c01bbd47fc00a2c39e90264f33305004495a9","hash":"0cc1373c55c0007dde695f3bce422aae42b49739","contentHash":"62f865114bfc6e3f3a288e72a0b5ac681016988ab059d03641287c6698370310"},"/home/usuario/DSI/P6/src/ejercicio-2/masa.ts":{"path":"/home/usuario/DSI/P6/src/ejercicio-2/masa.ts","statementMap":{"0":{"start":{"line":2,"column":0},"end":{"line":2,"column":62}},"1":{"start":{"line":3,"column":0},"end":{"line":3,"column":22}},"2":{"start":{"line":15,"column":21},"end":{"line":15,"column":28}},"3":{"start":{"line":16,"column":8},"end":{"line":39,"column":9}},"4":{"start":{"line":17,"column":12},"end":{"line":22,"column":13}},"5":{"start":{"line":18,"column":16},"end":{"line":18,"column":68}},"6":{"start":{"line":20,"column":17},"end":{"line":22,"column":13}},"7":{"start":{"line":21,"column":16},"end":{"line":21,"column":67}},"8":{"start":{"line":24,"column":13},"end":{"line":39,"column":9}},"9":{"start":{"line":25,"column":12},"end":{"line":30,"column":13}},"10":{"start":{"line":26,"column":16},"end":{"line":26,"column":63}},"11":{"start":{"line":28,"column":17},"end":{"line":30,"column":13}},"12":{"start":{"line":29,"column":16},"end":{"line":29,"column":69}},"13":{"start":{"line":32,"column":13},"end":{"line":39,"column":9}},"14":{"start":{"line":33,"column":12},"end":{"line":38,"column":13}},"15":{"start":{"line":34,"column":16},"end":{"line":34,"column":70}},"16":{"start":{"line":36,"column":17},"end":{"line":38,"column":13}},"17":{"start":{"line":37,"column":16},"end":{"line":37,"column":67}},"18":{"start":{"line":40,"column":8},"end":{"line":40,"column":22}},"19":{"start":{"line":43,"column":0},"end":{"line":43,"column":20}}},"fnMap":{"0":{"name":"(anonymous_0)","decl":{"start":{"line":8,"column":4},"end":{"line":8,"column":5}},"loc":{"start":{"line":8,"column":18},"end":{"line":8,"column":21}},"line":8},"1":{"name":"(anonymous_1)","decl":{"start":{"line":14,"column":4},"end":{"line":14,"column":5}},"loc":{"start":{"line":14,"column":18},"end":{"line":41,"column":5}},"line":14}},"branchMap":{"0":{"loc":{"start":{"line":16,"column":8},"end":{"line":39,"column":9}},"type":"if","locations":[{"start":{"line":16,"column":8},"end":{"line":39,"column":9}},{"start":{"line":16,"column":8},"end":{"line":39,"column":9}}],"line":16},"1":{"loc":{"start":{"line":17,"column":12},"end":{"line":22,"column":13}},"type":"if","locations":[{"start":{"line":17,"column":12},"end":{"line":22,"column":13}},{"start":{"line":17,"column":12},"end":{"line":22,"column":13}}],"line":17},"2":{"loc":{"start":{"line":20,"column":17},"end":{"line":22,"column":13}},"type":"if","locations":[{"start":{"line":20,"column":17},"end":{"line":22,"column":13}},{"start":{"line":20,"column":17},"end":{"line":22,"column":13}}],"line":20},"3":{"loc":{"start":{"line":24,"column":13},"end":{"line":39,"column":9}},"type":"if","locations":[{"start":{"line":24,"column":13},"end":{"line":39,"column":9}},{"start":{"line":24,"column":13},"end":{"line":39,"column":9}}],"line":24},"4":{"loc":{"start":{"line":25,"column":12},"end":{"line":30,"column":13}},"type":"if","locations":[{"start":{"line":25,"column":12},"end":{"line":30,"column":13}},{"start":{"line":25,"column":12},"end":{"line":30,"column":13}}],"line":25},"5":{"loc":{"start":{"line":28,"column":17},"end":{"line":30,"column":13}},"type":"if","locations":[{"start":{"line":28,"column":17},"end":{"line":30,"column":13}},{"start":{"line":28,"column":17},"end":{"line":30,"column":13}}],"line":28},"6":{"loc":{"start":{"line":32,"column":13},"end":{"line":39,"column":9}},"type":"if","locations":[{"start":{"line":32,"column":13},"end":{"line":39,"column":9}},{"start":{"line":32,"column":13},"end":{"line":39,"column":9}}],"line":32},"7":{"loc":{"start":{"line":33,"column":12},"end":{"line":38,"column":13}},"type":"if","locations":[{"start":{"line":33,"column":12},"end":{"line":38,"column":13}},{"start":{"line":33,"column":12},"end":{"line":38,"column":13}}],"line":33},"8":{"loc":{"start":{"line":36,"column":17},"end":{"line":38,"column":13}},"type":"if","locations":[{"start":{"line":36,"column":17},"end":{"line":38,"column":13}},{"start":{"line":36,"column":17},"end":{"line":38,"column":13}}],"line":36}},"s":{"0":1,"1":1,"2":1,"3":1,"4":0,"5":0,"6":0,"7":0,"8":1,"9":1,"10":0,"11":1,"12":1,"13":0,"14":0,"15":0,"16":0,"17":0,"18":1,"19":1},"f":{"0":1,"1":1},"b":{"0":[0,1],"1":[0,0],"2":[0,0],"3":[1,0],"4":[0,1],"5":[1,0],"6":[0,0],"7":[0,0],"8":[0,0]},"inputSourceMap":{"version":3,"file":"/home/usuario/DSI/P6/src/ejercicio-2/masa.ts","sources":["/home/usuario/DSI/P6/src/ejercicio-2/masa.ts"],"names":[],"mappings":";;;AAEA;;GAEG;AACH,MAAa,IAAI;IAEb,gBAAc,CAAC;IAEf;;;;OAIG;IACH,OAAO,CAAC,IAA8B;QAClC,IAAI,MAAM,GAAW,IAAI,CAAC,CAAC,CAAC,CAAC;QAC7B,IAAG,IAAI,CAAC,CAAC,CAAC,IAAI,IAAI,EAAE;YAChB,IAAI,IAAI,CAAC,CAAC,CAAC,IAAI,IAAI,EAAE;gBACjB,MAAM,GAAG,UAAU,CAAC,CAAC,IAAI,CAAC,CAAC,CAAC,GAAG,OAAO,CAAC,CAAC,OAAO,CAAC,CAAC,CAAC,CAAC,CAAC;aACvD;iBAAM,IAAI,IAAI,CAAC,CAAC,CAAC,IAAI,IAAI,EAAE;gBACxB,MAAM,GAAG,UAAU,CAAC,CAAC,IAAI,CAAC,CAAC,CAAC,GAAG,MAAM,CAAC,CAAC,OAAO,CAAC,CAAC,CAAC,CAAC,CAAC;aACtD;SACJ;aAAM,IAAI,IAAI,CAAC,CAAC,CAAC,IAAI,IAAI,EAAE;YACxB,IAAI,IAAI,CAAC,CAAC,CAAC,IAAI,IAAI,EAAE;gBACjB,MAAM,GAAG,UAAU,CAAC,CAAC,IAAI,CAAC,CAAC,CAAC,GAAG,EAAE,CAAC,CAAC,OAAO,CAAC,CAAC,CAAC,CAAC,CAAC;aAClD;iBAAM,IAAI,IAAI,CAAC,CAAC,CAAC,IAAI,IAAI,EAAE;gBACxB,MAAM,GAAG,UAAU,CAAC,CAAC,IAAI,CAAC,CAAC,CAAC,GAAG,QAAQ,CAAC,CAAC,OAAO,CAAC,CAAC,CAAC,CAAC,CAAC;aACxD;SACJ;aAAM,IAAI,IAAI,CAAC,CAAC,CAAC,IAAI,IAAI,EAAE;YACxB,IAAI,IAAI,CAAC,CAAC,CAAC,IAAI,IAAI,EAAE;gBACjB,MAAM,GAAG,UAAU,CAAC,CAAC,IAAI,CAAC,CAAC,CAAC,GAAG,SAAS,CAAC,CAAC,OAAO,CAAC,CAAC,CAAC,CAAC,CAAC;aACzD;iBAAM,IAAI,IAAI,CAAC,CAAC,CAAC,IAAI,IAAI,EAAE;gBACxB,MAAM,GAAG,UAAU,CAAC,CAAC,IAAI,CAAC,CAAC,CAAC,GAAG,MAAM,CAAC,CAAC,OAAO,CAAC,CAAC,CAAC,CAAC,CAAC;aACtD;SACJ;QACD,OAAO,MAAM,CAAC;IAClB,CAAC;CACJ;AAhCD,oBAgCC","sourcesContent":["import {isConvertible} from './conversor';\n\n/**\n * Clase que representa unidades de medida de masa\n */\nexport class Masa implements isConvertible<[string, number, string]> {\n\n    constructor(){}\n\n    /**\n     * Realiza la conversión de unidades\n     * @param dato unidad, valor de lo que vamos a camvertir y el 3er attr es a cual convertir\n     * @returns El valor convertido\n     */\n    convert(dato: [string, number, string]): number {\n        let result: number = dato[1];\n        if(dato[0] == 'kg') {\n            if (dato[2] == 'lb') {\n                result = parseFloat((dato[1] * 2.20462).toFixed(3));\n            } else if (dato[2] == 'oz') {\n                result = parseFloat((dato[1] * 35.274).toFixed(3));\n            }\n        } else if (dato[0] == 'lb') {\n            if (dato[2] == 'oz') {\n                result = parseFloat((dato[1] * 16).toFixed(3));\n            } else if (dato[2] == 'kg') {\n                result = parseFloat((dato[1] * 0.453592).toFixed(3));\n            }\n        } else if (dato[0] == 'oz') {\n            if (dato[2] == 'kg') {\n                result = parseFloat((dato[1] * 0.0283495).toFixed(3));\n            } else if (dato[2] == 'lb') {\n                result = parseFloat((dato[1] * 0.0625).toFixed(3));\n            }\n        }\n        return result;\n    }\n}"]},"_coverageSchema":"1a1c01bbd47fc00a2c39e90264f33305004495a9","hash":"a8ceb6a396a75bdbfbb1c00a22c2b579bab6258d","contentHash":"08fcecbdd819eac4ff02f8aa1394ec0ca4ebed140b538fa0e052eaecf45c2a7d"},"/home/usuario/DSI/P6/src/ejercicio-2/temperatura.ts":{"path":"/home/usuario/DSI/P6/src/ejercicio-2/temperatura.ts","statementMap":{"0":{"start":{"line":2,"column":0},"end":{"line":2,"column":62}},"1":{"start":{"line":3,"column":0},"end":{"line":3,"column":29}},"2":{"start":{"line":15,"column":21},"end":{"line":15,"column":28}},"3":{"start":{"line":16,"column":8},"end":{"line":39,"column":9}},"4":{"start":{"line":17,"column":12},"end":{"line":22,"column":13}},"5":{"start":{"line":18,"column":16},"end":{"line":18,"column":69}},"6":{"start":{"line":20,"column":17},"end":{"line":22,"column":13}},"7":{"start":{"line":21,"column":16},"end":{"line":21,"column":67}},"8":{"start":{"line":24,"column":13},"end":{"line":39,"column":9}},"9":{"start":{"line":25,"column":12},"end":{"line":30,"column":13}},"10":{"start":{"line":26,"column":16},"end":{"line":26,"column":80}},"11":{"start":{"line":28,"column":17},"end":{"line":30,"column":13}},"12":{"start":{"line":29,"column":16},"end":{"line":29,"column":67}},"13":{"start":{"line":32,"column":13},"end":{"line":39,"column":9}},"14":{"start":{"line":33,"column":12},"end":{"line":38,"column":13}},"15":{"start":{"line":34,"column":16},"end":{"line":34,"column":84}},"16":{"start":{"line":36,"column":17},"end":{"line":38,"column":13}},"17":{"start":{"line":37,"column":16},"end":{"line":37,"column":71}},"18":{"start":{"line":40,"column":8},"end":{"line":40,"column":22}},"19":{"start":{"line":43,"column":0},"end":{"line":43,"column":34}}},"fnMap":{"0":{"name":"(anonymous_0)","decl":{"start":{"line":8,"column":4},"end":{"line":8,"column":5}},"loc":{"start":{"line":8,"column":18},"end":{"line":8,"column":21}},"line":8},"1":{"name":"(anonymous_1)","decl":{"start":{"line":14,"column":4},"end":{"line":14,"column":5}},"loc":{"start":{"line":14,"column":18},"end":{"line":41,"column":5}},"line":14}},"branchMap":{"0":{"loc":{"start":{"line":16,"column":8},"end":{"line":39,"column":9}},"type":"if","locations":[{"start":{"line":16,"column":8},"end":{"line":39,"column":9}},{"start":{"line":16,"column":8},"end":{"line":39,"column":9}}],"line":16},"1":{"loc":{"start":{"line":17,"column":12},"end":{"line":22,"column":13}},"type":"if","locations":[{"start":{"line":17,"column":12},"end":{"line":22,"column":13}},{"start":{"line":17,"column":12},"end":{"line":22,"column":13}}],"line":17},"2":{"loc":{"start":{"line":20,"column":17},"end":{"line":22,"column":13}},"type":"if","locations":[{"start":{"line":20,"column":17},"end":{"line":22,"column":13}},{"start":{"line":20,"column":17},"end":{"line":22,"column":13}}],"line":20},"3":{"loc":{"start":{"line":24,"column":13},"end":{"line":39,"column":9}},"type":"if","locations":[{"start":{"line":24,"column":13},"end":{"line":39,"column":9}},{"start":{"line":24,"column":13},"end":{"line":39,"column":9}}],"line":24},"4":{"loc":{"start":{"line":25,"column":12},"end":{"line":30,"column":13}},"type":"if","locations":[{"start":{"line":25,"column":12},"end":{"line":30,"column":13}},{"start":{"line":25,"column":12},"end":{"line":30,"column":13}}],"line":25},"5":{"loc":{"start":{"line":28,"column":17},"end":{"line":30,"column":13}},"type":"if","locations":[{"start":{"line":28,"column":17},"end":{"line":30,"column":13}},{"start":{"line":28,"column":17},"end":{"line":30,"column":13}}],"line":28},"6":{"loc":{"start":{"line":32,"column":13},"end":{"line":39,"column":9}},"type":"if","locations":[{"start":{"line":32,"column":13},"end":{"line":39,"column":9}},{"start":{"line":32,"column":13},"end":{"line":39,"column":9}}],"line":32},"7":{"loc":{"start":{"line":33,"column":12},"end":{"line":38,"column":13}},"type":"if","locations":[{"start":{"line":33,"column":12},"end":{"line":38,"column":13}},{"start":{"line":33,"column":12},"end":{"line":38,"column":13}}],"line":33},"8":{"loc":{"start":{"line":36,"column":17},"end":{"line":38,"column":13}},"type":"if","locations":[{"start":{"line":36,"column":17},"end":{"line":38,"column":13}},{"start":{"line":36,"column":17},"end":{"line":38,"column":13}}],"line":36}},"s":{"0":1,"1":1,"2":1,"3":1,"4":1,"5":0,"6":1,"7":1,"8":0,"9":0,"10":0,"11":0,"12":0,"13":0,"14":0,"15":0,"16":0,"17":0,"18":1,"19":1},"f":{"0":1,"1":1},"b":{"0":[1,0],"1":[0,1],"2":[1,0],"3":[0,0],"4":[0,0],"5":[0,0],"6":[0,0],"7":[0,0],"8":[0,0]},"inputSourceMap":{"version":3,"file":"/home/usuario/DSI/P6/src/ejercicio-2/temperatura.ts","sources":["/home/usuario/DSI/P6/src/ejercicio-2/temperatura.ts"],"names":[],"mappings":";;;AAEA;;GAEG;AACH,MAAa,WAAW;IAEpB,gBAAc,CAAC;IAEf;;;;OAIG;IACH,OAAO,CAAC,IAA8B;QAClC,IAAI,MAAM,GAAW,IAAI,CAAC,CAAC,CAAC,CAAC;QAC7B,IAAG,IAAI,CAAC,CAAC,CAAC,IAAI,SAAS,EAAE;YACrB,IAAI,IAAI,CAAC,CAAC,CAAC,IAAI,YAAY,EAAE;gBACzB,MAAM,GAAG,UAAU,CAAC,CAAC,IAAI,CAAC,CAAC,CAAC,GAAG,GAAG,GAAG,EAAE,CAAC,CAAC,OAAO,CAAC,CAAC,CAAC,CAAC,CAAC;aACxD;iBAAM,IAAI,IAAI,CAAC,CAAC,CAAC,IAAI,QAAQ,EAAE;gBAC5B,MAAM,GAAG,UAAU,CAAC,CAAC,IAAI,CAAC,CAAC,CAAC,GAAG,MAAM,CAAC,CAAC,OAAO,CAAC,CAAC,CAAC,CAAC,CAAC;aACtD;SACJ;aAAM,IAAI,IAAI,CAAC,CAAC,CAAC,IAAI,QAAQ,EAAE;YAC5B,IAAI,IAAI,CAAC,CAAC,CAAC,IAAI,YAAY,EAAE;gBACzB,MAAM,GAAG,UAAU,CAAC,CAAC,GAAG,GAAG,CAAC,IAAI,CAAC,CAAC,CAAC,GAAG,MAAM,CAAC,GAAG,EAAE,CAAC,CAAC,OAAO,CAAC,CAAC,CAAC,CAAC,CAAC;aACnE;iBAAM,IAAI,IAAI,CAAC,CAAC,CAAC,IAAI,SAAS,EAAE;gBAC7B,MAAM,GAAG,UAAU,CAAC,CAAC,IAAI,CAAC,CAAC,CAAC,GAAG,MAAM,CAAC,CAAC,OAAO,CAAC,CAAC,CAAC,CAAC,CAAC;aACtD;SACJ;aAAM,IAAI,IAAI,CAAC,CAAC,CAAC,IAAI,YAAY,EAAE;YAChC,IAAI,IAAI,CAAC,CAAC,CAAC,IAAI,QAAQ,EAAE;gBACrB,MAAM,GAAG,UAAU,CAAC,CAAC,CAAC,CAAC,GAAC,CAAC,CAAC,GAAG,CAAC,IAAI,CAAC,CAAC,CAAC,GAAG,EAAE,CAAC,GAAG,MAAM,CAAC,CAAC,OAAO,CAAC,CAAC,CAAC,CAAC,CAAC;aACrE;iBAAM,IAAI,IAAI,CAAC,CAAC,CAAC,IAAI,SAAS,EAAE;gBAC7B,MAAM,GAAG,UAAU,CAAC,CAAC,CAAC,IAAI,CAAC,CAAC,CAAC,GAAG,EAAE,CAAC,GAAG,GAAG,CAAC,CAAC,OAAO,CAAC,CAAC,CAAC,CAAC,CAAC;aAC1D;SACJ;QACD,OAAO,MAAM,CAAC;IAClB,CAAC;CACJ;AAhCD,kCAgCC","sourcesContent":["import {isConvertible} from './conversor';\n\n/**\n * Clase que representa unidades de medida de temperatura\n */\nexport class Temperatura implements isConvertible<[string, number, string]> {\n\n    constructor(){}\n\n    /**\n     * Realiza la conversión de unidades\n     * @param dato unidad, valor de lo que vamos a camvertir y el 3er attr es a cual convertir\n     * @returns El valor convertido\n     */\n    convert(dato: [string, number, string]): number {\n        let result: number = dato[1];\n        if(dato[0] == 'celsius') {\n            if (dato[2] == 'fahrenheit') {\n                result = parseFloat((dato[1] * 1.8 + 32).toFixed(1));\n            } else if (dato[2] == 'kelvin') {\n                result = parseFloat((dato[1] + 273.15).toFixed(1));\n            }\n        } else if (dato[0] == 'kelvin') {\n            if (dato[2] == 'fahrenheit') {\n                result = parseFloat((1.8 * (dato[1] - 273.15) + 32).toFixed(1));\n            } else if (dato[2] == 'celsius') {\n                result = parseFloat((dato[1] - 273.15).toFixed(1));\n            }\n        } else if (dato[0] == 'fahrenheit') {\n            if (dato[2] == 'kelvin') {\n                result = parseFloat(((5/9) * (dato[1] - 32) + 273.15).toFixed(1));\n            } else if (dato[2] == 'celsius') {\n                result = parseFloat(((dato[1] - 32) / 1.8).toFixed(1));\n            }\n        }\n        return result;\n    }\n}"]},"_coverageSchema":"1a1c01bbd47fc00a2c39e90264f33305004495a9","hash":"ab54fdbe426bfaca05595ec19ba783c854eb3ab4","contentHash":"3fa32cea6f99a4dd8931be94000ee79d0e2ce9a34ed09903b34f9142f5af1040"},"/home/usuario/DSI/P6/src/ejercicio-2/tiempo.ts":{"path":"/home/usuario/DSI/P6/src/ejercicio-2/tiempo.ts","statementMap":{"0":{"start":{"line":2,"column":0},"end":{"line":2,"column":62}},"1":{"start":{"line":3,"column":0},"end":{"line":3,"column":24}},"2":{"start":{"line":15,"column":21},"end":{"line":15,"column":28}},"3":{"start":{"line":16,"column":8},"end":{"line":39,"column":9}},"4":{"start":{"line":17,"column":12},"end":{"line":22,"column":13}},"5":{"start":{"line":18,"column":16},"end":{"line":18,"column":63}},"6":{"start":{"line":20,"column":17},"end":{"line":22,"column":13}},"7":{"start":{"line":21,"column":16},"end":{"line":21,"column":65}},"8":{"start":{"line":24,"column":13},"end":{"line":39,"column":9}},"9":{"start":{"line":25,"column":12},"end":{"line":30,"column":13}},"10":{"start":{"line":26,"column":16},"end":{"line":26,"column":63}},"11":{"start":{"line":28,"column":17},"end":{"line":30,"column":13}},"12":{"start":{"line":29,"column":16},"end":{"line":29,"column":63}},"13":{"start":{"line":32,"column":13},"end":{"line":39,"column":9}},"14":{"start":{"line":33,"column":12},"end":{"line":38,"column":13}},"15":{"start":{"line":34,"column":16},"end":{"line":34,"column":65}},"16":{"start":{"line":36,"column":17},"end":{"line":38,"column":13}},"17":{"start":{"line":37,"column":16},"end":{"line":37,"column":63}},"18":{"start":{"line":40,"column":8},"end":{"line":40,"column":22}},"19":{"start":{"line":43,"column":0},"end":{"line":43,"column":24}}},"fnMap":{"0":{"name":"(anonymous_0)","decl":{"start":{"line":8,"column":4},"end":{"line":8,"column":5}},"loc":{"start":{"line":8,"column":18},"end":{"line":8,"column":21}},"line":8},"1":{"name":"(anonymous_1)","decl":{"start":{"line":14,"column":4},"end":{"line":14,"column":5}},"loc":{"start":{"line":14,"column":18},"end":{"line":41,"column":5}},"line":14}},"branchMap":{"0":{"loc":{"start":{"line":16,"column":8},"end":{"line":39,"column":9}},"type":"if","locations":[{"start":{"line":16,"column":8},"end":{"line":39,"column":9}},{"start":{"line":16,"column":8},"end":{"line":39,"column":9}}],"line":16},"1":{"loc":{"start":{"line":17,"column":12},"end":{"line":22,"column":13}},"type":"if","locations":[{"start":{"line":17,"column":12},"end":{"line":22,"column":13}},{"start":{"line":17,"column":12},"end":{"line":22,"column":13}}],"line":17},"2":{"loc":{"start":{"line":20,"column":17},"end":{"line":22,"column":13}},"type":"if","locations":[{"start":{"line":20,"column":17},"end":{"line":22,"column":13}},{"start":{"line":20,"column":17},"end":{"line":22,"column":13}}],"line":20},"3":{"loc":{"start":{"line":24,"column":13},"end":{"line":39,"column":9}},"type":"if","locations":[{"start":{"line":24,"column":13},"end":{"line":39,"column":9}},{"start":{"line":24,"column":13},"end":{"line":39,"column":9}}],"line":24},"4":{"loc":{"start":{"line":25,"column":12},"end":{"line":30,"column":13}},"type":"if","locations":[{"start":{"line":25,"column":12},"end":{"line":30,"column":13}},{"start":{"line":25,"column":12},"end":{"line":30,"column":13}}],"line":25},"5":{"loc":{"start":{"line":28,"column":17},"end":{"line":30,"column":13}},"type":"if","locations":[{"start":{"line":28,"column":17},"end":{"line":30,"column":13}},{"start":{"line":28,"column":17},"end":{"line":30,"column":13}}],"line":28},"6":{"loc":{"start":{"line":32,"column":13},"end":{"line":39,"column":9}},"type":"if","locations":[{"start":{"line":32,"column":13},"end":{"line":39,"column":9}},{"start":{"line":32,"column":13},"end":{"line":39,"column":9}}],"line":32},"7":{"loc":{"start":{"line":33,"column":12},"end":{"line":38,"column":13}},"type":"if","locations":[{"start":{"line":33,"column":12},"end":{"line":38,"column":13}},{"start":{"line":33,"column":12},"end":{"line":38,"column":13}}],"line":33},"8":{"loc":{"start":{"line":36,"column":17},"end":{"line":38,"column":13}},"type":"if","locations":[{"start":{"line":36,"column":17},"end":{"line":38,"column":13}},{"start":{"line":36,"column":17},"end":{"line":38,"column":13}}],"line":36}},"s":{"0":1,"1":1,"2":1,"3":1,"4":0,"5":0,"6":0,"7":0,"8":1,"9":1,"10":1,"11":0,"12":0,"13":0,"14":0,"15":0,"16":0,"17":0,"18":1,"19":1},"f":{"0":1,"1":1},"b":{"0":[0,1],"1":[0,0],"2":[0,0],"3":[1,0],"4":[1,0],"5":[0,0],"6":[0,0],"7":[0,0],"8":[0,0]},"inputSourceMap":{"version":3,"file":"/home/usuario/DSI/P6/src/ejercicio-2/tiempo.ts","sources":["/home/usuario/DSI/P6/src/ejercicio-2/tiempo.ts"],"names":[],"mappings":";;;AAEA;;GAEG;AACH,MAAa,MAAM;IAEf,gBAAc,CAAC;IAEf;;;;OAIG;IACH,OAAO,CAAC,IAA8B;QAClC,IAAI,MAAM,GAAW,IAAI,CAAC,CAAC,CAAC,CAAC;QAC7B,IAAG,IAAI,CAAC,CAAC,CAAC,IAAI,GAAG,EAAE;YACf,IAAI,IAAI,CAAC,CAAC,CAAC,IAAI,GAAG,EAAE;gBAChB,MAAM,GAAG,UAAU,CAAC,CAAC,IAAI,CAAC,CAAC,CAAC,GAAG,EAAE,CAAC,CAAC,OAAO,CAAC,CAAC,CAAC,CAAC,CAAC;aAClD;iBAAM,IAAI,IAAI,CAAC,CAAC,CAAC,IAAI,GAAG,EAAE;gBACvB,MAAM,GAAG,UAAU,CAAC,CAAC,IAAI,CAAC,CAAC,CAAC,GAAG,IAAI,CAAC,CAAC,OAAO,CAAC,CAAC,CAAC,CAAC,CAAC;aACpD;SACJ;aAAM,IAAI,IAAI,CAAC,CAAC,CAAC,IAAI,GAAG,EAAE;YACvB,IAAI,IAAI,CAAC,CAAC,CAAC,IAAI,GAAG,EAAE;gBAChB,MAAM,GAAG,UAAU,CAAC,CAAC,IAAI,CAAC,CAAC,CAAC,GAAG,EAAE,CAAC,CAAC,OAAO,CAAC,CAAC,CAAC,CAAC,CAAC;aAClD;iBAAM,IAAI,IAAI,CAAC,CAAC,CAAC,IAAI,GAAG,EAAE;gBACvB,MAAM,GAAG,UAAU,CAAC,CAAC,IAAI,CAAC,CAAC,CAAC,GAAG,EAAE,CAAC,CAAC,OAAO,CAAC,CAAC,CAAC,CAAC,CAAC;aAClD;SACJ;aAAM,IAAI,IAAI,CAAC,CAAC,CAAC,IAAI,GAAG,EAAE;YACvB,IAAI,IAAI,CAAC,CAAC,CAAC,IAAI,GAAG,EAAE;gBAChB,MAAM,GAAG,UAAU,CAAC,CAAC,IAAI,CAAC,CAAC,CAAC,GAAG,IAAI,CAAC,CAAC,OAAO,CAAC,CAAC,CAAC,CAAC,CAAC;aACpD;iBAAM,IAAI,IAAI,CAAC,CAAC,CAAC,IAAI,GAAG,EAAE;gBACvB,MAAM,GAAG,UAAU,CAAC,CAAC,IAAI,CAAC,CAAC,CAAC,GAAG,EAAE,CAAC,CAAC,OAAO,CAAC,CAAC,CAAC,CAAC,CAAC;aAClD;SACJ;QACD,OAAO,MAAM,CAAC;IAClB,CAAC;CACJ;AAhCD,wBAgCC","sourcesContent":["import {isConvertible} from './conversor';\n\n/**\n * Clase que representa unidades de medida de tiempo\n */\nexport class Tiempo implements isConvertible<[string, number, string]> {\n\n    constructor(){}\n\n    /**\n     * Realiza la conversión de unidades\n     * @param dato unidad, valor de lo que vamos a camvertir y el 3er attr es a cual convertir\n     * @returns El valor convertido\n     */\n    convert(dato: [string, number, string]): number {\n        let result: number = dato[1];\n        if(dato[0] == 'h') {\n            if (dato[2] == 'm') {\n                result = parseFloat((dato[1] * 60).toFixed(3));\n            } else if (dato[2] == 's') {\n                result = parseFloat((dato[1] * 3600).toFixed(3));\n            }\n        } else if (dato[0] == 'm') {\n            if (dato[2] == 's') {\n                result = parseFloat((dato[1] * 60).toFixed(3));\n            } else if (dato[2] == 'h') {\n                result = parseFloat((dato[1] / 60).toFixed(3));\n            }\n        } else if (dato[0] == 's') {\n            if (dato[2] == 'h') {\n                result = parseFloat((dato[1] / 3600).toFixed(3));\n            } else if (dato[2] == 'm') {\n                result = parseFloat((dato[1] / 60).toFixed(3));\n            }\n        }\n        return result;\n    }\n}"]},"_coverageSchema":"1a1c01bbd47fc00a2c39e90264f33305004495a9","hash":"8dcdea03381734a50699c6692dd3b7ae30e73993","contentHash":"9a57da38769b4b89e587176fe63a2328d40b2ea2f67d6350a2ff10391e52b6ae"},"/home/usuario/DSI/P6/src/ejercicio-2/velocidad.ts":{"path":"/home/usuario/DSI/P6/src/ejercicio-2/velocidad.ts","statementMap":{"0":{"start":{"line":2,"column":0},"end":{"line":2,"column":62}},"1":{"start":{"line":3,"column":0},"end":{"line":3,"column":27}},"2":{"start":{"line":15,"column":21},"end":{"line":15,"column":28}},"3":{"start":{"line":16,"column":8},"end":{"line":39,"column":9}},"4":{"start":{"line":17,"column":12},"end":{"line":22,"column":13}},"5":{"start":{"line":18,"column":16},"end":{"line":18,"column":64}},"6":{"start":{"line":20,"column":17},"end":{"line":22,"column":13}},"7":{"start":{"line":21,"column":16},"end":{"line":21,"column":69}},"8":{"start":{"line":24,"column":13},"end":{"line":39,"column":9}},"9":{"start":{"line":25,"column":12},"end":{"line":30,"column":13}},"10":{"start":{"line":26,"column":16},"end":{"line":26,"column":69}},"11":{"start":{"line":28,"column":17},"end":{"line":30,"column":13}},"12":{"start":{"line":29,"column":16},"end":{"line":29,"column":69}},"13":{"start":{"line":32,"column":13},"end":{"line":39,"column":9}},"14":{"start":{"line":33,"column":12},"end":{"line":38,"column":13}},"15":{"start":{"line":34,"column":16},"end":{"line":34,"column":68}},"16":{"start":{"line":36,"column":17},"end":{"line":38,"column":13}},"17":{"start":{"line":37,"column":16},"end":{"line":37,"column":69}},"18":{"start":{"line":40,"column":8},"end":{"line":40,"column":22}},"19":{"start":{"line":43,"column":0},"end":{"line":43,"column":30}}},"fnMap":{"0":{"name":"(anonymous_0)","decl":{"start":{"line":8,"column":4},"end":{"line":8,"column":5}},"loc":{"start":{"line":8,"column":18},"end":{"line":8,"column":21}},"line":8},"1":{"name":"(anonymous_1)","decl":{"start":{"line":14,"column":4},"end":{"line":14,"column":5}},"loc":{"start":{"line":14,"column":18},"end":{"line":41,"column":5}},"line":14}},"branchMap":{"0":{"loc":{"start":{"line":16,"column":8},"end":{"line":39,"column":9}},"type":"if","locations":[{"start":{"line":16,"column":8},"end":{"line":39,"column":9}},{"start":{"line":16,"column":8},"end":{"line":39,"column":9}}],"line":16},"1":{"loc":{"start":{"line":17,"column":12},"end":{"line":22,"column":13}},"type":"if","locations":[{"start":{"line":17,"column":12},"end":{"line":22,"column":13}},{"start":{"line":17,"column":12},"end":{"line":22,"column":13}}],"line":17},"2":{"loc":{"start":{"line":20,"column":17},"end":{"line":22,"column":13}},"type":"if","locations":[{"start":{"line":20,"column":17},"end":{"line":22,"column":13}},{"start":{"line":20,"column":17},"end":{"line":22,"column":13}}],"line":20},"3":{"loc":{"start":{"line":24,"column":13},"end":{"line":39,"column":9}},"type":"if","locations":[{"start":{"line":24,"column":13},"end":{"line":39,"column":9}},{"start":{"line":24,"column":13},"end":{"line":39,"column":9}}],"line":24},"4":{"loc":{"start":{"line":25,"column":12},"end":{"line":30,"column":13}},"type":"if","locations":[{"start":{"line":25,"column":12},"end":{"line":30,"column":13}},{"start":{"line":25,"column":12},"end":{"line":30,"column":13}}],"line":25},"5":{"loc":{"start":{"line":28,"column":17},"end":{"line":30,"column":13}},"type":"if","locations":[{"start":{"line":28,"column":17},"end":{"line":30,"column":13}},{"start":{"line":28,"column":17},"end":{"line":30,"column":13}}],"line":28},"6":{"loc":{"start":{"line":32,"column":13},"end":{"line":39,"column":9}},"type":"if","locations":[{"start":{"line":32,"column":13},"end":{"line":39,"column":9}},{"start":{"line":32,"column":13},"end":{"line":39,"column":9}}],"line":32},"7":{"loc":{"start":{"line":33,"column":12},"end":{"line":38,"column":13}},"type":"if","locations":[{"start":{"line":33,"column":12},"end":{"line":38,"column":13}},{"start":{"line":33,"column":12},"end":{"line":38,"column":13}}],"line":33},"8":{"loc":{"start":{"line":36,"column":17},"end":{"line":38,"column":13}},"type":"if","locations":[{"start":{"line":36,"column":17},"end":{"line":38,"column":13}},{"start":{"line":36,"column":17},"end":{"line":38,"column":13}}],"line":36}},"s":{"0":1,"1":1,"2":1,"3":1,"4":1,"5":0,"6":1,"7":1,"8":0,"9":0,"10":0,"11":0,"12":0,"13":0,"14":0,"15":0,"16":0,"17":0,"18":1,"19":1},"f":{"0":1,"1":1},"b":{"0":[1,0],"1":[0,1],"2":[1,0],"3":[0,0],"4":[0,0],"5":[0,0],"6":[0,0],"7":[0,0],"8":[0,0]},"inputSourceMap":{"version":3,"file":"/home/usuario/DSI/P6/src/ejercicio-2/velocidad.ts","sources":["/home/usuario/DSI/P6/src/ejercicio-2/velocidad.ts"],"names":[],"mappings":";;;AAEA;;GAEG;AACH,MAAa,SAAS;IAElB,gBAAc,CAAC;IAEf;;;;OAIG;IACH,OAAO,CAAC,IAA8B;QAClC,IAAI,MAAM,GAAW,IAAI,CAAC,CAAC,CAAC,CAAC;QAC7B,IAAG,IAAI,CAAC,CAAC,CAAC,IAAI,KAAK,EAAE;YACjB,IAAI,IAAI,CAAC,CAAC,CAAC,IAAI,MAAM,EAAE;gBACnB,MAAM,GAAG,UAAU,CAAC,CAAC,IAAI,CAAC,CAAC,CAAC,GAAG,GAAG,CAAC,CAAC,OAAO,CAAC,CAAC,CAAC,CAAC,CAAC;aACnD;iBAAM,IAAI,IAAI,CAAC,CAAC,CAAC,IAAI,KAAK,EAAE;gBACzB,MAAM,GAAG,UAAU,CAAC,CAAC,IAAI,CAAC,CAAC,CAAC,GAAG,QAAQ,CAAC,CAAC,OAAO,CAAC,CAAC,CAAC,CAAC,CAAC;aACxD;SACJ;aAAM,IAAI,IAAI,CAAC,CAAC,CAAC,IAAI,MAAM,EAAE;YAC1B,IAAI,IAAI,CAAC,CAAC,CAAC,IAAI,KAAK,EAAE;gBAClB,MAAM,GAAG,UAAU,CAAC,CAAC,IAAI,CAAC,CAAC,CAAC,GAAG,QAAQ,CAAC,CAAC,OAAO,CAAC,CAAC,CAAC,CAAC,CAAC;aACxD;iBAAM,IAAI,IAAI,CAAC,CAAC,CAAC,IAAI,KAAK,EAAE;gBACzB,MAAM,GAAG,UAAU,CAAC,CAAC,IAAI,CAAC,CAAC,CAAC,GAAG,QAAQ,CAAC,CAAC,OAAO,CAAC,CAAC,CAAC,CAAC,CAAC;aACxD;SACJ;aAAM,IAAI,IAAI,CAAC,CAAC,CAAC,IAAI,KAAK,EAAE;YACzB,IAAI,IAAI,CAAC,CAAC,CAAC,IAAI,KAAK,EAAE;gBAClB,MAAM,GAAG,UAAU,CAAC,CAAC,IAAI,CAAC,CAAC,CAAC,GAAG,OAAO,CAAC,CAAC,OAAO,CAAC,CAAC,CAAC,CAAC,CAAC;aACvD;iBAAM,IAAI,IAAI,CAAC,CAAC,CAAC,IAAI,MAAM,EAAE;gBAC1B,MAAM,GAAG,UAAU,CAAC,CAAC,IAAI,CAAC,CAAC,CAAC,GAAG,QAAQ,CAAC,CAAC,OAAO,CAAC,CAAC,CAAC,CAAC,CAAC;aACxD;SACJ;QACD,OAAO,MAAM,CAAC;IAClB,CAAC;CACJ;AAhCD,8BAgCC","sourcesContent":["import {isConvertible} from './conversor';\n\n/**\n * Clase que representa unidades de medida de velocidad\n */\nexport class Velocidad implements isConvertible<[string, number, string]> {\n\n    constructor(){}\n\n    /**\n     * Realiza la conversión de unidades\n     * @param dato unidad, valor de lo que vamos a camvertir y el 3er attr es a cual convertir\n     * @returns El valor convertido\n     */\n    convert(dato: [string, number, string]): number {\n        let result: number = dato[1];\n        if(dato[0] == 'm/s') {\n            if (dato[2] == 'km/h') {\n                result = parseFloat((dato[1] * 3.6).toFixed(3));\n            } else if (dato[2] == 'mph') {\n                result = parseFloat((dato[1] * 2.236936).toFixed(3));\n            }\n        } else if (dato[0] == 'km/h') {\n            if (dato[2] == 'm/s') {\n                result = parseFloat((dato[1] * 0.277778).toFixed(3));\n            } else if (dato[2] == 'mph') {\n                result = parseFloat((dato[1] * 0.621371).toFixed(3));\n            }\n        } else if (dato[0] == 'mph') {\n            if (dato[2] == 'm/s') {\n                result = parseFloat((dato[1] * 0.44704).toFixed(3));\n            } else if (dato[2] == 'km/h') {\n                result = parseFloat((dato[1] * 1.609344).toFixed(3));\n            }\n        }\n        return result;\n    }\n}"]},"_coverageSchema":"1a1c01bbd47fc00a2c39e90264f33305004495a9","hash":"341f4324847b155d2f34c3e8184030ebfc82b820","contentHash":"b9345db8acc0bab60edb1c3bf0e89be0931c90bd6b96eb12afc274aee242f123"},"/home/usuario/DSI/P6/src/ejercicio-2/volumen.ts":{"path":"/home/usuario/DSI/P6/src/ejercicio-2/volumen.ts","statementMap":{"0":{"start":{"line":2,"column":0},"end":{"line":2,"column":62}},"1":{"start":{"line":3,"column":0},"end":{"line":3,"column":25}},"2":{"start":{"line":15,"column":21},"end":{"line":15,"column":28}},"3":{"start":{"line":16,"column":8},"end":{"line":39,"column":9}},"4":{"start":{"line":17,"column":12},"end":{"line":22,"column":13}},"5":{"start":{"line":18,"column":16},"end":{"line":18,"column":65}},"6":{"start":{"line":20,"column":17},"end":{"line":22,"column":13}},"7":{"start":{"line":21,"column":16},"end":{"line":21,"column":66}},"8":{"start":{"line":24,"column":13},"end":{"line":39,"column":9}},"9":{"start":{"line":25,"column":12},"end":{"line":30,"column":13}},"10":{"start":{"line":26,"column":16},"end":{"line":26,"column":68}},"11":{"start":{"line":28,"column":17},"end":{"line":30,"column":13}},"12":{"start":{"line":29,"column":16},"end":{"line":29,"column":65}},"13":{"start":{"line":32,"column":13},"end":{"line":39,"column":9}},"14":{"start":{"line":33,"column":12},"end":{"line":38,"column":13}},"15":{"start":{"line":34,"column":16},"end":{"line":34,"column":66}},"16":{"start":{"line":36,"column":17},"end":{"line":38,"column":13}},"17":{"start":{"line":37,"column":16},"end":{"line":37,"column":68}},"18":{"start":{"line":40,"column":8},"end":{"line":40,"column":22}},"19":{"start":{"line":43,"column":0},"end":{"line":43,"column":26}}},"fnMap":{"0":{"name":"(anonymous_0)","decl":{"start":{"line":8,"column":4},"end":{"line":8,"column":5}},"loc":{"start":{"line":8,"column":18},"end":{"l
[...]
EAAE,CAAC,CAAC,CAAC,CAAC,MAAM,IAAI,KAAK,CAAC,CAAC,CAAC;SAC/D;QACD,OAAO,MAAM,CAAC;IAClB,CAAC;IAEA;;MAEE;IACH,QAAQ;QACJ,OAAO,IAAI,CAAC,KAAK,CAAC;IACtB,CAAC;CACJ;AArCD,sBAqCC","sourcesContent":["import {BasicStreamableCollection} from \"./basic\";\n\n/**\n * Atributos que tiene una película\n * @param titulo Título de la película\n * @param año Año en que fue lanzado\n * @param duration Cuánto tiempo dura\n * @param genero Genero de la película\n */\nexport type film = {\n    titulo: string;\n    año: number;\n    duration: number;\n    genero: string;\n}\n\n/**\n * Clase que representa una colección de películas.\n */\nexport class Films extends BasicStreamableCollection<film> {\n    /**\n     * Crea una nueva instancia de una colección\n     * @param items Colección de películas\n     */\n    constructor(protected items: film[]) {\n        super(items);\n      }\n\n    /**\n     * Permite buscar elementos por un valor como título, año, etc.\n     * @param param El parámetro por el que desea buscar\n     * @param value El valor del parámetro\n     */\n    searchBy(param: string, value: string) {\n        let result: film[] = [];\n        if(param === 'titulo'){\n            result = this.getItems().filter((x) => (x.titulo == value));\n        }\n        else if(param === 'año'){\n            result = this.getItems().filter((x) => (x.año.toString() == value));\n        }\n        else if(param === 'duration'){\n            result = this.getItems().filter((x) => (x.duration.toString() == value));\n        }\n        else if(param === 'genero'){\n            result = this.getItems().filter((x) => (x.genero == value));\n        }\n        return result;\n    }\n\n     /**\n     * Devuelve la colección\n     */\n    getItems() {\n        return this.items;\n    }\n} "]},"_coverageSchema":"1a1c01bbd47fc00a2c39e90264f33305004495a9","hash":"a06f5ac375fcfe06151c1dbf605a3b8a06796443","contentHash":"1b334ee3cbed3b5141bb8b7781137806929dc50aa76c638789f999be6adcbeba"},"/home/usuario/DSI/P6/src/ejercicio-3/basic.ts":{"path":"/home/usuario/DSI/P6/src/ejercicio-3/basic.ts","statementMap":{"0":{"start":{"line":2,"column":0},"end":{"line":2,"column":62}},"1":{"start":{"line":3,"column":0},"end":{"line":3,"column":43}},"2":{"start":{"line":13,"column":8},"end":{"line":13,"column":27}},"3":{"start":{"line":20,"column":8},"end":{"line":20,"column":33}},"4":{"start":{"line":27,"column":8},"end":{"line":27,"column":33}},"5":{"start":{"line":30,"column":0},"end":{"line":30,"column":62}}},"fnMap":{"0":{"name":"(anonymous_0)","decl":{"start":{"line":12,"column":4},"end":{"line":12,"column":5}},"loc":{"start":{"line":12,"column":23},"end":{"line":14,"column":5}},"line":12},"1":{"name":"(anonymous_1)","decl":{"start":{"line":19,"column":4},"end":{"line":19,"column":5}},"loc":{"start":{"line":19,"column":21},"end":{"line":21,"column":5}},"line":19},"2":{"name":"(anonymous_2)","decl":{"start":{"line":26,"column":4},"end":{"line":26,"column":5}},"loc":{"start":{"line":26,"column":23},"end":{"line":28,"column":5}},"line":26}},"branchMap":{},"s":{"0":1,"1":1,"2":3,"3":1,"4":1,"5":1},"f":{"0":3,"1":1,"2":1},"b":{},"inputSourceMap":{"version":3,"file":"/home/usuario/DSI/P6/src/ejercicio-3/basic.ts","sources":["/home/usuario/DSI/P6/src/ejercicio-3/basic.ts"],"names":[],"mappings":";;;AAEA;;GAEG;AACH,MAAsB,yBAAyB;IAC3C;;;OAGG;IACH,YAAsB,KAAU;QAAV,UAAK,GAAL,KAAK,CAAK;IAChC,CAAC;IASD;;;OAGG;IACH,OAAO,CAAC,OAAU;QACd,IAAI,CAAC,KAAK,CAAC,IAAI,CAAC,OAAO,CAAC,CAAC;IAC7B,CAAC;IAOD;;;OAGG;IACH,gBAAgB;QACZ,OAAO,IAAI,CAAC,KAAK,CAAC,MAAM,CAAC;IAC7B,CAAC;CACJ;AAnCD,8DAmCC","sourcesContent":["import {Searchable} from \"./searchable\";\n\n/**\n * Clase que representa una colección de elementos que se pueden transmitir y buscar\n */\nexport abstract class BasicStreamableCollection<T> implements Searchable<T> {\n    /**\n     * Crea una nueva instancia de una colección que se puede transmitir\n     * @param items Colección de artículos\n     */\n    constructor(protected items: T[]) {\n    }\n\n    /**\n     * Permite buscar elementos por un valor como título, año, etc.\n     * @param param El parámetro por el que desea buscar\n     * @param value El valor del parámetro\n     */\n    abstract searchBy(param: string, value: string): T[];\n\n    /**\n     * Permite insertar un nuevo elemento a la colección \n     * @param newItem Elemento que queremos insertar\n     */\n    addItem(newItem: T) {\n        this.items.push(newItem);\n    }\n\n    /**\n     * Devuelve la colección\n     */\n    abstract getItems(): T[];\n\n    /**\n     * Obtiene la duración de la colección\n     * @returns Duración de la colección\n     */\n    getNumberOfItems() {\n        return this.items.length;\n    }\n} "]},"_coverageSchema":"1a1c01bbd47fc00a2c39e90264f33305004495a9","hash":"167a18335e90bb640d4b8d3dacb025a7981b523f","contentHash":"0a14e5306e06898c03d17c060a601196ea6d5f712859029de8f0b8cd9edfb682"},"/home/usuario/DSI/P6/src/ejercicio-3/series.ts":{"path":"/home/usuario/DSI/P6/src/ejercicio-3/series.ts","statementMap":{"0":{"start":{"line":2,"column":0},"end":{"line":2,"column":62}},"1":{"start":{"line":3,"column":0},"end":{"line":3,"column":24}},"2":{"start":{"line":4,"column":16},"end":{"line":4,"column":34}},"3":{"start":{"line":14,"column":8},"end":{"line":14,"column":21}},"4":{"start":{"line":15,"column":8},"end":{"line":15,"column":27}},"5":{"start":{"line":23,"column":21},"end":{"line":23,"column":23}},"6":{"start":{"line":24,"column":8},"end":{"line":38,"column":9}},"7":{"start":{"line":25,"column":12},"end":{"line":25,"column":72}},"8":{"start":{"line":25,"column":52},"end":{"line":25,"column":69}},"9":{"start":{"line":27,"column":13},"end":{"line":38,"column":9}},"10":{"start":{"line":28,"column":12},"end":{"line":28,"column":80}},"11":{"start":{"line":28,"column":52},"end":{"line":28,"column":77}},"12":{"start":{"line":30,"column":13},"end":{"line":38,"column":9}},"13":{"start":{"line":31,"column":12},"end":{"line":31,"column":86}},"14":{"start":{"line":31,"column":52},"end":{"line":31,"column":83}},"15":{"start":{"line":33,"column":13},"end":{"line":38,"column":9}},"16":{"start":{"line":34,"column":12},"end":{"line":34,"column":86}},"17":{"start":{"line":34,"column":52},"end":{"line":34,"column":83}},"18":{"start":{"line":36,"column":13},"end":{"line":38,"column":9}},"19":{"start":{"line":37,"column":12},"end":{"line":37,"column":72}},"20":{"start":{"line":37,"column":52},"end":{"line":37,"column":69}},"21":{"start":{"line":39,"column":8},"end":{"line":39,"column":22}},"22":{"start":{"line":45,"column":8},"end":{"line":45,"column":26}},"23":{"start":{"line":48,"column":0},"end":{"line":48,"column":24}}},"fnMap":{"0":{"name":"(anonymous_0)","decl":{"start":{"line":13,"column":4},"end":{"line":13,"column":5}},"loc":{"start":{"line":13,"column":23},"end":{"line":16,"column":5}},"line":13},"1":{"name":"(anonymous_1)","decl":{"start":{"line":22,"column":4},"end":{"line":22,"column":5}},"loc":{"start":{"line":22,"column":27},"end":{"line":40,"column":5}},"line":22},"2":{"name":"(anonymous_2)","decl":{"start":{"line":25,"column":44},"end":{"line":25,"column":45}},"loc":{"start":{"line":25,"column":52},"end":{"line":25,"column":69}},"line":25},"3":{"name":"(anonymous_3)","decl":{"start":{"line":28,"column":44},"end":{"line":28,"column":45}},"loc":{"start":{"line":28,"column":52},"end":{"line":28,"column":77}},"line":28},"4":{"name":"(anonymous_4)","decl":{"start":{"line":31,"column":44},"end":{"line":31,"column":45}},"loc":{"start":{"line":31,"column":52},"end":{"line":31,"column":83}},"line":31},"5":{"name":"(anonymous_5)","decl":{"start":{"line":34,"column":44},"end":{"line":34,"column":45}},"loc":{"start":{"line":34,"column":52},"end":{"line":34,"column":83}},"line":34},"6":{"name":"(anonymous_6)","decl":{"start":{"line":37,"column":44},"end":{"line":37,"column":45}},"loc":{"start":{"line":37,"column":52},"end":{"line":37,"column":69}},"line":37},"7":{"name":"(anonymous_7)","decl":{"start":{"line":44,"column":4},"end":{"line":44,"column":5}},"loc":{"start":{"line":44,"column":15},"end":{"line":46,"column":5}},"line":44}},"branchMap":{"0":{"loc":{"start":{"line":24,"column":8},"end":{"line":38,"column":9}},"type":"if","locations":[{"start":{"line":24,"column":8},"end":{"line":38,"column":9}},{"start":{"line":24,"column":8},"end":{"line":38,"column":9}}],"line":24},"1":{"loc":{"start":{"line":27,"column":13},"end":{"line":38,"column":9}},"type":"if","locations":[{"start":{"line":27,"column":13},"end":{"line":38,"column":9}},{"start":{"line":27,"column":13},"end":{"line":38,"column":9}}],"line":27},"2":{"loc":{"start":{"line":30,"column":13},"end":{"line":38,"column":9}},"type":"if","locations":[{"start":{"line":30,"column":13},"end":{"line":38,"column":9}},{"start":{"line":30,"column":13},"end":{"line":38,"column":9}}],"line":30},"3":{"loc":{"start":{"line":33,"column":13},"end":{"line":38,"column":9}},"type":"if","locations":[{"start":{"line":33,"column":13},"end":{"line":38,"column":9}},{"start":{"line":33,"column":13},"end":{"line":38,"column":9}}],"line":33},"4":{"loc":{"start":{"line":36,"column":13},"end":{"line":38,"column":9}},"type":"if","locations":[{"start":{"line":36,"column":13},"end":{"line":38,"column":9}},{"start":{"line":36,"column":13},"end":{"line":38,"column":9}}],"line":36}},"s":{"0":1,"1":1,"2":1,"3":1,"4":1,"5":5,"6":5,"7":1,"8":3,"9":4,"10":1,"11":3,"12":3,"13":1,"14":3,"15":2,"16":1,"17":3,"18":1,"19":1,"20":3,"21":5,"22":5,"23":1},"f":{"0":1,"1":5,"2":3,"3":3,"4":3,"5":3,"6":3,"7":5},"b":{"0":[1,4],"1":[1,3],"2":[1,2],"3":[1,1],"4":[1,0]},"inputSourceMap":{"version":3,"file":"/home/usuario/DSI/P6/src/ejercicio-3/series.ts","sources":["/home/usuario/DSI/P6/src/ejercicio-3/series.ts"],"names":[],"mappings":";;;AACA,mCAAkD;AAkBlD;;GAEG;AACH,MAAa,MAAO,SAAQ,iCAAgC;IACxD;;;OAGG;IACH,YAAsB,KAAc;QAChC,KAAK,CAAC,KAAK,CAAC,CAAC;QADK,UAAK,GAAL,KAAK,CAAS;IAElC,CAAC;IAEH;;;;OAIG;IACH,QAAQ,CAAC,KAAa,EAAE,KAAa;QACjC,IAAI,MAAM,GAAY,EAAE,CAAC;QACzB,IAAG,KAAK,KAAK,QAAQ,EAAC;YAClB,MAAM,GAAG,IAAI,CAAC,QAAQ,EAAE,CAAC,MAAM,CAAC,CAAC,CAAC,EAAE,EAAE,CAAC,CAAC,CAAC,CAAC,MAAM,IAAI,KAAK,CAAC,CAAC,CAAC;SAC/D;aACI,IAAG,KAAK,KAAK,KAAK,EAAC;YACpB,MAAM,GAAG,IAAI,CAAC,QAAQ,EAAE,CAAC,MAAM,CAAC,CAAC,CAAC,EAAE,EAAE,CAAC,CAAC,CAAC,CAAC,GAAG,CAAC,QAAQ,EAAE,IAAI,KAAK,CAAC,CAAC,CAAC;SACvE;aACI,IAAG,KAAK,KAAK,WAAW,EAAC;YAC1B,MAAM,GAAG,IAAI,CAAC,QAAQ,EAAE,CAAC,MAAM,CAAC,CAAC,CAAC,EAAE,EAAE,CAAC,CAAC,CAAC,CAAC,SAAS,CAAC,QAAQ,EAAE,IAAI,KAAK,CAAC,CAAC,CAAC;SAC7E;aACI,IAAG,KAAK,KAAK,WAAW,EAAC;YAC1B,MAAM,GAAG,IAAI,CAAC,QAAQ,EAAE,CAAC,MAAM,CAAC,CAAC,CAAC,EAAE,EAAE,CAAC,CAAC,CAAC,CAAC,SAAS,CAAC,QAAQ,EAAE,IAAI,KAAK,CAAC,CAAC,CAAC;SAC7E;aACI,IAAG,KAAK,KAAK,QAAQ,EAAC;YACvB,MAAM,GAAG,IAAI,CAAC,QAAQ,EAAE,CAAC,MAAM,CAAC,CAAC,CAAC,EAAE,EAAE,CAAC,CAAC,CAAC,CAAC,MAAM,IAAI,KAAK,CAAC,CAAC,CAAC;SAC/D;QACD,OAAO,MAAM,CAAC;IAClB,CAAC;IAEA;;MAEE;IACH,QAAQ;QACJ,OAAO,IAAI,CAAC,KAAK,CAAC;IACtB,CAAC;CACJ;AAxCD,wBAwCC","sourcesContent":["\nimport {BasicStreamableCollection} from \"./basic\";\n\n/**\n * Atributos que tiene una serie\n * @param titulo Título de la serie\n * @param año Año en que fue lanzado\n * @param temporadas Cuantas temporadas tiene\n * @param episodios Cuántos episodios tiene\n * @param genero genero de la serie\n */\nexport type serie = {\n    titulo: string;\n    año: number;\n    temporada: number;\n    episodios: number;\n    genero: string;\n}\n\n/**\n * Clase que representa una colección de series.\n */\nexport class Series extends BasicStreamableCollection<serie> {\n    /**\n     * Crea una nueva instancia de una colección\n     * @param items Colección de series\n     */\n    constructor(protected items: serie[]) {\n        super(items);\n      }\n\n    /**\n     * Permite buscar elementos por un valor como título, año, etc.\n     * @param param El parámetro por el que desea buscar\n     * @param value El valor del parámetro\n     */\n    searchBy(param: string, value: string) {\n        let result: serie[] = [];\n        if(param === 'titulo'){\n            result = this.getItems().filter((x) => (x.titulo == value));\n        }\n        else if(param === 'año'){\n            result = this.getItems().filter((x) => (x.año.toString() == value));\n        }\n        else if(param === 'temporada'){\n            result = this.getItems().filter((x) => (x.temporada.toString() == value));\n        }\n        else if(param === 'episodios'){\n            result = this.getItems().filter((x) => (x.episodios.toString() == value));\n        }\n        else if(param === 'genero'){\n            result = this.getItems().filter((x) => (x.genero == value));\n        }\n        return result;\n    }\n\n     /**\n     * Devuelve la colección\n     */\n    getItems() {\n        return this.items;\n    }\n} "]},"_coverageSchema":"1a1c01bbd47fc00a2c39e90264f33305004495a9","hash":"184ccc0bca64cfed54d2a956586620b63e440232","contentHash":"eb34821b09c0f48e9a34674c801a45a650e27110ff11d53c8a17e9f2d3c8d6e4"},"/home/usuario/DSI/P6/src/ejercicio-3/documentaries.ts":{"path":"/home/usuario/DSI/P6/src/ejercicio-3/documentaries.ts","statementMap":{"0":{"start":{"line":2,"column":0},"end":{"line":2,"column":62}},"1":{"start":{"line":3,"column":0},"end":{"line":3,"column":31}},"2":{"start":{"line":4,"column":16},"end":{"line":4,"column":34}},"3":{"start":{"line":14,"column":8},"end":{"line":14,"column":21}},"4":{"start":{"line":15,"column":8},"end":{"line":15,"column":27}},"5":{"start":{"line":23,"column":21},"end":{"line":23,"column":23}},"6":{"start":{"line":24,"column":8},"end":{"line":35,"column":9}},"7":{"start":{"line":25,"column":12},"end":{"line":25,"column":72}},"8":{"start":{"line":25,"column":52},"end":{"line":25,"column":69}},"9":{"start":{"line":27,"column":13},"end":{"line":35,"column":9}},"10":{"start":{"line":28,"column":12},"end":{"line":28,"column":80}},"11":{"start":{"line":28,"column":52},"end":{"line":28,"column":77}},"12":{"start":{"line":30,"column":13},"end":{"line":35,"column":9}},"13":{"start":{"line":31,"column":12},"end":{"line":31,"column":85}},"14":{"start":{"line":31,"column":52},"end":{"line":31,"column":82}},"15":{"start":{"line":33,"column":13},"end":{"line":35,"column":9}},"16":{"start":{"line":34,"column":12},"end":{"line":34,"column":72}},"17":{"start":{"line":34,"column":52},"end":{"line":34,"column":69}},"18":{"start":{"line":36,"column":8},"end":{"line":36,"column":22}},"19":{"start":{"line":42,"column":8},"end":{"line":42,"column":26}},"20":{"start":{"line":45,"column":0},"end":{"line":45,"column":38}}},"fnMap":{"0":{"name":"(anonymous_0)","decl":{"start":{"line":13,"column":4},"end":{"line":13,"column":5}},"loc":{"start":{"line":13,"column":23},"end":{"line":16,"column":5}},"line":13},"1":{"name":"(anonymous_1)","decl":{"start":{"line":22,"column":4},"end":{"line":22,"column":5}},"loc":{"start":{"line":22,"column":27},"end":{"line":37,"column":5}},"line":22},"2":{"name":"(anonymous_2)","decl":{"start":{"line":25,"column":44},"end":{"line":25,"column":45}},"loc":{"start":{"line":25,"column":52},"end":{"line":25,"column":69}},"line":25},"3":{"name":"(anonymous_3)","decl":{"start":{"line":28,"column":44},"end":{"line":28,"column":45}},"loc":{"start":{"line":28,"column":52},"end":{"line":28,"column":77}},"line":28},"4":{"name":"(anonymous_4)","decl":{"start":{"line":31,"column":44},"end":{"line":31,"column":45}},"loc":{"start":{"line":31,"column":52},"end":{"line":31,"column":82}},"line":31},"5":{"name":"(anonymous_5)","decl":{"start":{"line":34,"column":44},"end":{"line":34,"column":45}},"loc":{"start":{"line":34,"column":52},"end":{"line":34,"column":69}},"line":34},"6":{"name":"(anonymous_6)","decl":{"start":{"line":41,"column":4},"end":{"line":41,"column":5}},"loc":{"start":{"line":41,"column":15},"end":{"line":43,"column":5}},"line":41}},"branchMap":{"0":{"loc":{"start":{"line":24,"column":8},"end":{"line":35,"column":9}},"type":"if","locations":[{"start":{"line":24,"column":8},"end":{"line":35,"column":9}},{"start":{"line":24,"column":8},"end":{"line":35,"column":9}}],"line":24},"1":{"loc":{"start":{"line":27,"column":13},"end":{"line":35,"column":9}},"type":"if","locations":[{"start":{"line":27,"column":13},"end":{"line":35,"column":9}},{"start":{"line":27,"column":13},"end":{"line":35,"column":9}}],"line":27},"2":{"loc":{"start":{"line":30,"column":13},"end":{"line":35,"column":9}},"type":"if","locations":[{"start":{"line":30,"column":13},"end":{"line":35,"column":9}},{"start":{"line":30,"column":13},"end":{"line":35,"column":9}}],"line":30},"3":{"loc":{"start":{"line":33,"column":13},"end":{"line":35,"column":9}},"type":"if","locations":[{"start":{"line":33,"column":13},"end":{"line":35,"column":9}},{"start":{"line":33,"column":13},"end":{"line":35,"column":9}}],"line":33}},"s":{"0":1,"1":1,"2":1,"3":1,"4":1,"5":4,"6":4,"7":1,"8":3,"9":3,"10":1,"11":3,"12":2,"13":1,"14":3,"15":1,"16":1,"17":3,"18":4,"19":4,"20":1},"f":{"0":1,"1":4,"2":3,"3":3,"4":3,"5":3,"6":4},"b":{"0":[1,3],"1":[1,2],"2":[1,1],"3":[1,0]},"inputSourceMap":{"version":3,"file":"/home/usuario/DSI/P6/src/ejercicio-3/documentaries.ts","sources":["/home/usuario/DSI/P6/src/ejercicio-3/documentaries.ts"],"names":[],"mappings":";;;AAAA,mCAAkD;AAgBlD;;GAEG;AACH,MAAa,aAAc,SAAQ,iCAAsC;IACrE;;;OAGG;IACH,YAAsB,KAAoB;QACtC,KAAK,CAAC,KAAK,CAAC,CAAC;QADK,UAAK,GAAL,KAAK,CAAe;IAExC,CAAC;IAEH;;;;OAIG;IACH,QAAQ,CAAC,KAAa,EAAE,KAAa;QACjC,IAAI,MAAM,GAAkB,EAAE,CAAC;QAC/B,IAAG,KAAK,KAAK,QAAQ,EAAC;YAClB,MAAM,GAAG,IAAI,CAAC,QAAQ,EAAE,CAAC,MAAM,CAAC,CAAC,CAAC,EAAE,EAAE,CAAC,CAAC,CAAC,CAAC,MAAM,IAAI,KAAK,CAAC,CAAC,CAAC;SAC/D;aACI,IAAG,KAAK,KAAK,KAAK,EAAC;YACpB,MAAM,GAAG,IAAI,CAAC,QAAQ,EAAE,CAAC,MAAM,CAAC,CAAC,CAAC,EAAE,EAAE,CAAC,CAAC,CAAC,CAAC,GAAG,CAAC,QAAQ,EAAE,IAAI,KAAK,CAAC,CAAC,CAAC;SACvE;aACI,IAAG,KAAK,KAAK,UAAU,EAAC;YACzB,MAAM,GAAG,IAAI,CAAC,QAAQ,EAAE,CAAC,MAAM,CAAC,CAAC,CAAC,EAAE,EAAE,CAAC,CAAC,CAAC,CAAC,QAAQ,CAAC,QAAQ,EAAE,IAAI,KAAK,CAAC,CAAC,CAAC;SAC5E;aACI,IAAG,KAAK,KAAK,QAAQ,EAAC;YACvB,MAAM,GAAG,IAAI,CAAC,QAAQ,EAAE,CAAC,MAAM,CAAC,CAAC,CAAC,EAAE,EAAE,CAAC,CAAC,CAAC,CAAC,MAAM,IAAI,KAAK,CAAC,CAAC,CAAC;SAC/D;QACD,OAAO,MAAM,CAAC;IAClB,CAAC;IAED;;OAEG;IACH,QAAQ;QACJ,OAAO,IAAI,CAAC,KAAK,CAAC;IACtB,CAAC;CACJ;AArCD,sCAqCC","sourcesContent":["import {BasicStreamableCollection} from \"./basic\";\n\n/**\n  * Atributos que tiene un documental\n  * @param titulo Título del documental\n  * @param año Año en que fue lanzado\n  * @param duration Cuánto tiempo dura\n  * @param genero Genero del documental\n  */\nexport type documentary = {\n    titulo: string;\n    año: number;\n    duration: number;\n    genero: string;\n}\n\n/**\n * Clase que representa una colección de documentales\n */\nexport class Documentaries extends BasicStreamableCollection<documentary> {\n    /**\n     * Crea una nueva instancia de una colección\n     * @param items Colección de documentales\n     */\n    constructor(protected items: documentary[]) {\n        super(items);\n      }\n\n    /**\n     * Permite buscar elementos por un valor como título, año, etc.\n     * @param param El parámetro por el que desea buscar\n     * @param value El valor del parámetro\n     */\n    searchBy(param: string, value: string) {\n        let result: documentary[] = [];\n        if(param === 'titulo'){\n            result = this.getItems().filter((x) => (x.titulo == value));\n        }\n        else if(param === 'año'){\n            result = this.getItems().filter((x) => (x.año.toString() == value));\n        }\n        else if(param === 'duration'){\n            result = this.getItems().filter((x) => (x.duration.toString() == value));\n        }\n        else if(param === 'genero'){\n            result = this.getItems().filter((x) => (x.genero == value));\n        }\n        return result;\n    }\n\n    /**\n     * Devuelve la colección\n     */\n    getItems() {\n        return this.items;\n    }\n} "]},"_coverageSchema":"1a1c01bbd47fc00a2c39e90264f33305004495a9","hash":"bd2320642e897c77fbcd1d78dde924df06613757","contentHash":"a7dc0d35d452dd6528bed0f3dd1d5131100bf5b4675151fd4dca53ade334a584"}}